2025-05-06 13:37:53,396 - INFO - 开始更新动漫地区信息，时间: 2025-05-06 13:37:53.396112
2025-05-06 13:37:53,572 - INFO - 使用 5 个线程并发处理 5821 个动漫
2025-05-06 13:37:53,572 - INFO - 处理动漫 1: CLANNAD -クラナド-
2025-05-06 13:37:53,573 - INFO - 处理动漫 10: らき☆すた
2025-05-06 13:37:53,573 - INFO - 处理动漫 100: 劇場版 マクロスF 虚空歌姫〜イツワリノウタヒメ〜
2025-05-06 13:37:53,574 - INFO - 处理动漫 1000: あの日見た花の名前を僕達はまだ知らない。 "Anohana: The Flower We Saw That Day"
2025-05-06 13:37:53,574 - INFO - 处理动漫 1001: ヤマノススメ "Encouragement of Climb"
2025-05-06 13:38:07,692 - INFO - 已更新动漫 100 的 info.json 文件
2025-05-06 13:38:07,692 - INFO - 动漫 100 的地区信息: ['旧金山;舊金山;三藩市']
2025-05-06 13:38:07,692 - INFO - 处理动漫 1002: 境界の彼方 "Beyond the Boundary"
2025-05-06 13:41:58,029 - INFO - 已更新动漫 1002 的 info.json 文件
2025-05-06 13:41:58,029 - INFO - 动漫 1002 的地区信息: ['奈良縣', '德岛县', '爱媛县']
2025-05-06 13:41:58,029 - INFO - 处理动漫 1003: 咲-saki-阿知賀編 "Saki Achiga-hen episode of Side-A"
2025-05-06 13:44:00,070 - INFO - 已更新动漫 1000 的 info.json 文件
2025-05-06 13:44:00,070 - INFO - 动漫 1000 的地区信息: ['埼玉县', '秩父郡']
2025-05-06 13:44:00,070 - INFO - 处理动漫 1004: 坂道のアポロン "Kids on the Slope"
2025-05-06 13:44:22,092 - INFO - 已更新动漫 1001 的 info.json 文件
2025-05-06 13:44:22,092 - INFO - 动漫 1001 的地区信息: ['埼玉县']
2025-05-06 13:44:22,092 - INFO - 处理动漫 1005: 幻影ヲ駆ケル太陽 "Day Break Illusion"
2025-05-06 13:44:26,098 - INFO - 已更新动漫 10 的 info.json 文件
2025-05-06 13:44:26,098 - INFO - 动漫 10 的地区信息: ['京都府', '埼玉县', '东京都/東京都', '奈良縣', '南埼玉郡']
2025-05-06 13:44:26,098 - INFO - 处理动漫 1006: 勇者になれなかった俺はしぶしぶ就職を決意しました。 "I Couldn’t Become a Hero, So I Reluctantly Decided to Get a Job."
2025-05-06 13:45:30,226 - INFO - 已更新动漫 1004 的 info.json 文件
2025-05-06 13:45:30,227 - INFO - 动漫 1004 的地区信息: ['长崎县', '东京都/東京都']
2025-05-06 13:45:30,227 - INFO - 处理动漫 1007: あまんちゅ "Amanchu!"
2025-05-06 13:45:36,222 - INFO - 已更新动漫 1006 的 info.json 文件
2025-05-06 13:45:36,222 - INFO - 动漫 1006 的地区信息: ['静冈县/靜岡縣']
2025-05-06 13:45:36,222 - INFO - 处理动漫 1008: 夏色キセキ "Natsuiro Kiseki"
2025-05-06 13:45:38,278 - INFO - 已更新动漫 1003 的 info.json 文件
2025-05-06 13:45:38,278 - INFO - 动漫 1003 的地区信息: ['吉野郡']
2025-05-06 13:45:38,278 - INFO - 处理动漫 1009: 苺ましまろ "Strawberry Marshmallow"
2025-05-06 13:47:00,370 - INFO - 已更新动漫 1007 的 info.json 文件
2025-05-06 13:47:00,370 - INFO - 动漫 1007 的地区信息: ['静冈县/靜岡縣', '埼玉县']
2025-05-06 13:47:00,370 - INFO - 处理动漫 101: Serial Experiments Lain
2025-05-06 13:48:18,306 - INFO - 已更新动漫 1009 的 info.json 文件
2025-05-06 13:48:18,306 - INFO - 动漫 1009 的地区信息: ['静冈县/靜岡縣']
2025-05-06 13:48:18,306 - INFO - 处理动漫 1010: 君に届け "Kimi ni Todoke"
2025-05-06 13:48:24,381 - INFO - 已更新动漫 1 的 info.json 文件
2025-05-06 13:48:24,381 - INFO - 动漫 1 的地区信息: ['东京都/東京都', '西多摩郡']
2025-05-06 13:48:24,381 - INFO - 处理动漫 1011: WORKING!!
2025-05-06 13:48:52,389 - INFO - 已更新动漫 1005 的 info.json 文件
2025-05-06 13:48:52,389 - INFO - 动漫 1005 的地区信息: ['长崎县', '大阪府', '神奈川縣']
2025-05-06 13:48:52,389 - INFO - 处理动漫 1012: 這いよれ！ニャル子さん "Nyaruko: Crawling With Love"
2025-05-06 13:49:18,378 - INFO - 已更新动漫 1010 的 info.json 文件
2025-05-06 13:49:18,378 - INFO - 动漫 1010 的地区信息: ['苫前郡', '石狩振興局']
2025-05-06 13:49:18,378 - INFO - 处理动漫 1013: Kanon
2025-05-06 13:49:52,408 - INFO - 已更新动漫 1012 的 info.json 文件
2025-05-06 13:49:52,408 - INFO - 动漫 1012 的地区信息: ['石狩振興局', '东京都/東京都']
2025-05-06 13:49:52,408 - INFO - 处理动漫 1014: 乃木坂春香の秘密Ｆ "Nogizaka Haruka no Himitsu"
2025-05-06 13:51:10,511 - INFO - 已更新动漫 101 的 info.json 文件
2025-05-06 13:51:10,511 - INFO - 动漫 101 的地区信息: ['东京都/東京都']
2025-05-06 13:51:10,511 - INFO - 处理动漫 1015: うさぎドロップ "Bunny Drop"
2025-05-06 13:51:48,566 - INFO - 已更新动漫 1013 的 info.json 文件
2025-05-06 13:51:48,566 - INFO - 动漫 1013 的地区信息: ['石狩振興局']
2025-05-06 13:51:48,566 - INFO - 处理动漫 1016: ゆるゆり "YuruYuri"
2025-05-06 13:52:24,554 - INFO - 已更新动漫 1011 的 info.json 文件
2025-05-06 13:52:24,554 - INFO - 动漫 1011 的地区信息: ['石狩振興局']
2025-05-06 13:52:24,554 - INFO - 处理动漫 1017: Another
2025-05-06 13:52:42,672 - INFO - 已更新动漫 1014 的 info.json 文件
2025-05-06 13:52:42,672 - INFO - 动漫 1014 的地区信息: ['石狩振興局', '虻田郡', '夕張郡', '上川綜合振興局']
2025-05-06 13:52:42,672 - INFO - 处理动漫 1018: おおかみこどもの雨と雪 "Wolf Children"
2025-05-06 13:53:32,625 - INFO - 已更新动漫 1018 的 info.json 文件
2025-05-06 13:53:32,626 - INFO - 动漫 1018 的地区信息: ['中新川郡', '富山縣']
2025-05-06 13:53:32,626 - INFO - 处理动漫 1019: 瀬戸の花嫁 "My Bride is a Mermaid"
2025-05-06 13:53:54,689 - INFO - 已更新动漫 1017 的 info.json 文件
2025-05-06 13:53:54,690 - INFO - 动漫 1017 的地区信息: ['富山縣']
2025-05-06 13:53:54,690 - INFO - 处理动漫 102: とある科学の超電磁砲
2025-05-06 13:55:04,744 - INFO - 已更新动漫 102 的 info.json 文件
2025-05-06 13:55:04,745 - INFO - 动漫 102 的地区信息: ['东京都/東京都']
2025-05-06 13:55:04,745 - INFO - 处理动漫 1020: 夢喰いメリー "Dream Eater Merry"
2025-05-06 13:55:40,809 - INFO - 已更新动漫 1015 的 info.json 文件
2025-05-06 13:55:40,809 - INFO - 动漫 1015 的地区信息: ['爱知县', '东京都/東京都']
2025-05-06 13:55:40,809 - INFO - 处理动漫 1021: ソ・ラ・ノ・ヲ・ト "Sound of the Sky"
2025-05-06 13:55:40,809 - WARNING - 动漫 1021 没有巡礼点数据
2025-05-06 13:55:40,809 - INFO - 处理动漫 1022: ARIA
2025-05-06 13:56:48,895 - INFO - 已更新动漫 1016 的 info.json 文件
2025-05-06 13:56:48,895 - INFO - 动漫 1016 的地区信息: ['东京都/東京都', '京都府', '千叶县', '富山縣', '神奈川縣', '滋賀县']
2025-05-06 13:56:48,895 - INFO - 处理动漫 1023: 夜桜四重奏 "Yozakura Quartet"
2025-05-06 13:57:13,050 - INFO - 已更新动漫 1019 的 info.json 文件
2025-05-06 13:57:13,050 - INFO - 动漫 1019 的地区信息: ['京都府', '香川县']
2025-05-06 13:57:13,050 - INFO - 处理动漫 1024: BROTHERS CONFLICT
2025-05-06 13:57:13,050 - WARNING - 动漫 1024 没有巡礼点数据
2025-05-06 13:57:13,050 - INFO - 处理动漫 1025: 化物語 ""
2025-05-06 13:57:36,921 - INFO - 已更新动漫 1008 的 info.json 文件
2025-05-06 13:57:36,922 - INFO - 动漫 1008 的地区信息: ['静冈县/靜岡縣', '东京都/東京都', '八丈支厅', '賀茂郡']
2025-05-06 13:57:36,922 - INFO - 处理动漫 1026: ゆゆ式 "Yuyushiki"
2025-05-06 13:57:36,922 - WARNING - 动漫 1026 没有巡礼点数据
2025-05-06 13:57:36,922 - INFO - 处理动漫 1027: DARKER THAN BLACK
2025-05-06 13:58:14,925 - INFO - 已更新动漫 1020 的 info.json 文件
2025-05-06 13:58:14,925 - INFO - 动漫 1020 的地区信息: ['新潟县', '神奈川縣']
2025-05-06 13:58:14,925 - INFO - 处理动漫 1028: アクセル・ワールド "Accel World"
2025-05-06 13:59:21,022 - INFO - 已更新动漫 1022 的 info.json 文件
2025-05-06 13:59:21,022 - INFO - 动漫 1022 的地区信息: ['Venezia']
2025-05-06 13:59:21,022 - INFO - 处理动漫 1029: 東京マグニチュード8.0 "Tokyo Magnitude 8.0"
2025-05-06 13:59:24,985 - INFO - 已更新动漫 1028 的 info.json 文件
2025-05-06 13:59:24,985 - INFO - 动漫 1028 的地区信息: ['神奈川縣', '东京都/東京都', '冲绳县 / 沖繩縣', '国头郡']
2025-05-06 13:59:24,985 - INFO - 处理动漫 103: 獄・さよなら絶望先生
2025-05-06 13:59:39,041 - INFO - 已更新动漫 1023 的 info.json 文件
2025-05-06 13:59:39,042 - INFO - 动漫 1023 的地区信息: ['东京都/東京都', '宫城县']
2025-05-06 13:59:39,042 - INFO - 处理动漫 1030: 戦国コレクション "Sengoku Collection"
2025-05-06 14:01:05,128 - INFO - 已更新动漫 103 的 info.json 文件
2025-05-06 14:01:05,129 - INFO - 动漫 103 的地区信息: ['东京都/東京都']
2025-05-06 14:01:05,129 - INFO - 处理动漫 1031: 異国迷路のクロワーゼ "Croisée in a Foreign Labyrinth"
2025-05-06 14:01:45,180 - INFO - 已更新动漫 1031 的 info.json 文件
2025-05-06 14:01:45,180 - INFO - 动漫 1031 的地区信息: ['巴黎']
2025-05-06 14:01:45,180 - INFO - 处理动漫 1032: Aチャンネル "A Channel "
2025-05-06 14:02:23,169 - INFO - 已更新动漫 1025 的 info.json 文件
2025-05-06 14:02:23,169 - INFO - 动漫 1025 的地区信息: ['东京都/東京都', '埼玉县', '大阪府']
2025-05-06 14:02:23,169 - INFO - 处理动漫 1033: はたらく魔王さま! "The Devil Is a Part-Timer!"
2025-05-06 14:04:05,334 - INFO - 已更新动漫 1027 的 info.json 文件
2025-05-06 14:04:05,334 - INFO - 动漫 1027 的地区信息: ['东京都/東京都']
2025-05-06 14:04:05,335 - INFO - 处理动漫 1034: 俺の彼女と幼なじみが修羅場すぎる "Oreshura"
2025-05-06 14:04:27,393 - INFO - 已更新动漫 1030 的 info.json 文件
2025-05-06 14:04:27,393 - INFO - 动漫 1030 的地区信息: ['东京都/東京都', '神奈川縣', '大阪府', '青森县']
2025-05-06 14:04:27,394 - INFO - 处理动漫 1035: さくら荘のペットな彼女 "The Pet Girl of Sakura Dormitory"
2025-05-06 14:04:31,307 - INFO - 已更新动漫 1029 的 info.json 文件
2025-05-06 14:04:31,308 - INFO - 动漫 1029 的地区信息: ['东京都/東京都']
2025-05-06 14:04:31,308 - INFO - 处理动漫 1036: 耳をすませば "Whisper of the Heart"
2025-05-06 14:05:45,458 - INFO - 已更新动漫 1034 的 info.json 文件
2025-05-06 14:05:45,458 - INFO - 动漫 1034 的地区信息: ['东京都/東京都', '神奈川縣']
2025-05-06 14:05:45,458 - INFO - 处理动漫 1037: 時をかける少女 "The Girl Who Leapt Through Time"
2025-05-06 14:06:31,445 - INFO - 已更新动漫 1036 的 info.json 文件
2025-05-06 14:06:31,445 - INFO - 动漫 1036 的地区信息: ['东京都/東京都']
2025-05-06 14:06:31,446 - INFO - 处理动漫 1038: CLANNAD
2025-05-06 14:07:17,562 - INFO - 已更新动漫 1035 的 info.json 文件
2025-05-06 14:07:17,562 - INFO - 动漫 1035 的地区信息: ['东京都/東京都', '神奈川縣', '千叶县', '福冈县']
2025-05-06 14:07:17,562 - INFO - 处理动漫 1039: 放浪息子 "Wandering Son"
2025-05-06 14:07:17,562 - WARNING - 动漫 1039 没有巡礼点数据
2025-05-06 14:07:17,562 - INFO - 处理动漫 104: そらのおとしもの
2025-05-06 14:07:35,497 - INFO - 已更新动漫 1037 的 info.json 文件
2025-05-06 14:07:35,497 - INFO - 动漫 1037 的地区信息: ['东京都/東京都']
2025-05-06 14:07:35,498 - INFO - 处理动漫 1040: とある魔術の禁書目録 "A Certain Magical Index"
2025-05-06 14:08:07,553 - INFO - 已更新动漫 104 的 info.json 文件
2025-05-06 14:08:07,553 - INFO - 动漫 104 的地区信息: ['福冈县', '富山縣', '福岛县']
2025-05-06 14:08:07,553 - INFO - 处理动漫 1041: とある科学の超電磁砲 "A Certain Scientific Railgun"
2025-05-06 14:13:19,849 - INFO - 已更新动漫 1032 的 info.json 文件
2025-05-06 14:13:19,849 - INFO - 动漫 1032 的地区信息: ['东京都/東京都', '神奈川縣']
2025-05-06 14:13:19,849 - INFO - 处理动漫 1042: ビビッドレッド・オペレーション "Vividred Operation"
2025-05-06 14:13:19,850 - WARNING - 动漫 1042 没有巡礼点数据
2025-05-06 14:13:19,850 - INFO - 处理动漫 1043: AMNESIA
2025-05-06 14:16:00,064 - INFO - 已更新动漫 1043 的 info.json 文件
2025-05-06 14:16:00,064 - INFO - 动漫 1043 的地区信息: ['东京都/東京都', '石狩振興局', '埼玉县']
2025-05-06 14:16:00,065 - INFO - 处理动漫 1044: ラブライブ！ "Love Live!"
2025-05-06 14:17:16,060 - INFO - 已更新动漫 1040 的 info.json 文件
2025-05-06 14:17:16,060 - INFO - 动漫 1040 的地区信息: ['东京都/東京都', '賀茂郡', '茨城县', '神奈川縣']
2025-05-06 14:17:16,060 - INFO - 处理动漫 1045: ちはやふる "Chihayafuru"
2025-05-06 14:18:44,232 - INFO - 已更新动漫 1033 的 info.json 文件
2025-05-06 14:18:44,232 - INFO - 动漫 1033 的地区信息: ['东京都/東京都']
2025-05-06 14:18:44,232 - INFO - 处理动漫 1046: お兄ちゃんだけど愛さえあれば関係ないよねっ "OniAi"
2025-05-06 14:18:44,232 - WARNING - 动漫 1046 没有巡礼点数据
2025-05-06 14:18:44,232 - INFO - 处理动漫 1047: じょしらく "Joshiraku"
2025-05-06 14:19:30,229 - INFO - 已更新动漫 1044 的 info.json 文件
2025-05-06 14:19:30,229 - INFO - 动漫 1044 的地区信息: ['东京都/東京都', '泉南郡']
2025-05-06 14:19:30,229 - INFO - 处理动漫 1048: 輪るピングドラム "Penguindrum"
2025-05-06 14:20:08,269 - INFO - 已更新动漫 1041 的 info.json 文件
2025-05-06 14:20:08,269 - INFO - 动漫 1041 的地区信息: ['东京都/東京都', '茨城县', '神奈川縣']
2025-05-06 14:20:08,269 - INFO - 处理动漫 1049: STEINS;GATE
2025-05-06 14:26:16,650 - INFO - 已更新动漫 1045 的 info.json 文件
2025-05-06 14:26:16,650 - INFO - 动漫 1045 的地区信息: ['东京都/東京都', '滋賀县', '福井縣', '埼玉县', '石川县', '静冈县/靜岡縣']
2025-05-06 14:26:16,650 - INFO - 处理动漫 105: プラネテス
2025-05-06 14:26:26,683 - INFO - 已更新动漫 105 的 info.json 文件
2025-05-06 14:26:26,683 - INFO - 动漫 105 的地区信息: ['苫前郡']
2025-05-06 14:26:26,684 - INFO - 处理动漫 1050: 黒子のバスケ "Kuroko's Basketball"
2025-05-06 14:26:26,684 - WARNING - 动漫 1050 没有巡礼点数据
2025-05-06 14:26:26,684 - INFO - 处理动漫 1051: とらドラ！ "Toradora!"
2025-05-06 14:30:20,886 - INFO - 已更新动漫 1048 的 info.json 文件
2025-05-06 14:30:20,886 - INFO - 动漫 1048 的地区信息: ['东京都/東京都', '巴黎']
2025-05-06 14:30:20,886 - INFO - 处理动漫 1052: 3月のライオン "March Comes in Like a Lion"
2025-05-06 14:31:12,964 - INFO - 已更新动漫 1038 的 info.json 文件
2025-05-06 14:31:12,964 - INFO - 动漫 1038 的地区信息: ['东京都/東京都', '西多摩郡', '京都府', '大阪府', '上北郡', '东津轻郡', '青森县', '埼玉县']
2025-05-06 14:31:12,964 - INFO - 处理动漫 1053: ささみさん@がんばらない "Sasami-san@Ganbaranai"
2025-05-06 14:32:13,021 - INFO - 已更新动漫 1053 的 info.json 文件
2025-05-06 14:32:13,022 - INFO - 动漫 1053 的地区信息: ['东京都/東京都', '千叶县', '静冈县/靜岡縣']
2025-05-06 14:32:13,022 - INFO - 处理动漫 1054: 空の境界 "Kara no Kyokai"
2025-05-06 14:33:27,138 - INFO - 已更新动漫 1051 的 info.json 文件
2025-05-06 14:33:27,139 - INFO - 动漫 1051 的地区信息: ['东京都/東京都', '静冈县/靜岡縣', '下高井郡']
2025-05-06 14:33:27,139 - INFO - 处理动漫 1055: 大正野球娘。 "Taisho Baseball Girls"
2025-05-06 14:36:27,236 - INFO - 已更新动漫 1055 的 info.json 文件
2025-05-06 14:36:27,236 - INFO - 动漫 1055 的地区信息: ['东京都/東京都']
2025-05-06 14:36:27,236 - INFO - 处理动漫 1056: ハチミツとクローバー "Honey and Clover"
2025-05-06 14:36:27,236 - WARNING - 动漫 1056 没有巡礼点数据
2025-05-06 14:36:27,236 - INFO - 处理动漫 1057: CHAOS;HEAD
2025-05-06 14:39:27,504 - INFO - 已更新动漫 1057 的 info.json 文件
2025-05-06 14:39:27,505 - INFO - 动漫 1057 的地区信息: ['东京都/東京都']
2025-05-06 14:39:27,505 - INFO - 处理动漫 1058: 東のエデン "Eden of the East"
2025-05-06 14:39:31,452 - INFO - 已更新动漫 1052 的 info.json 文件
2025-05-06 14:39:31,452 - INFO - 动漫 1052 的地区信息: ['东京都/東京都', '京都府']
2025-05-06 14:39:31,453 - INFO - 处理动漫 1059: Fate/kaleid liner プリズマ☆イリヤ "Fate/kaleid liner Prisma Illya"
2025-05-06 14:40:13,485 - INFO - 已更新动漫 1054 的 info.json 文件
2025-05-06 14:40:13,485 - INFO - 动漫 1054 的地区信息: ['东京都/東京都', '神奈川縣', '兵库县/兵庫縣', '埼玉县', '千叶县']
2025-05-06 14:40:13,485 - INFO - 处理动漫 106: 君に届け
2025-05-06 14:40:33,521 - INFO - 已更新动漫 106 的 info.json 文件
2025-05-06 14:40:33,521 - INFO - 动漫 106 的地区信息: ['苫前郡']
2025-05-06 14:40:33,521 - INFO - 处理动漫 1060: Wake Up,Girls!
2025-05-06 14:40:51,532 - INFO - 已更新动漫 1059 的 info.json 文件
2025-05-06 14:40:51,532 - INFO - 动漫 1059 的地区信息: ['东京都/東京都', '兵库县/兵庫縣', '千叶县']
2025-05-06 14:40:51,532 - INFO - 处理动漫 1061: かんなぎ "Kannagi: Crazy Shrine Maidens"
2025-05-06 14:42:47,708 - INFO - 已更新动漫 1058 的 info.json 文件
2025-05-06 14:42:47,708 - INFO - 动漫 1058 的地区信息: ['东京都/東京都', '哥伦比亚特区/哥倫比亞特區', '神奈川縣', '京都府', 'New York County', '千叶县', '埼玉县', '秩父郡', 'Gloucester County', 'Kings County']
2025-05-06 14:42:47,708 - INFO - 处理动漫 1062: ゴールデンタイム "Golden Time"
2025-05-06 14:44:27,828 - INFO - 已更新动漫 1062 的 info.json 文件
2025-05-06 14:44:27,828 - INFO - 动漫 1062 的地区信息: ['东京都/東京都', '静冈县/靜岡縣']
2025-05-06 14:44:27,828 - INFO - 处理动漫 1063: エルフェンリート "Elfen Lied"
2025-05-06 14:44:55,790 - INFO - 已更新动漫 1047 的 info.json 文件
2025-05-06 14:44:55,790 - INFO - 动漫 1047 的地区信息: ['东京都/東京都', '神奈川縣', '千叶县']
2025-05-06 14:44:55,790 - INFO - 处理动漫 1064: Fate/Zero
2025-05-06 14:45:41,813 - INFO - 已更新动漫 1061 的 info.json 文件
2025-05-06 14:45:41,813 - INFO - 动漫 1061 的地区信息: ['宫城县', '宮城郡']
2025-05-06 14:45:41,813 - INFO - 处理动漫 1065: ゼーガペイン "Zegapain"
2025-05-06 14:45:47,856 - INFO - 已更新动漫 1063 的 info.json 文件
2025-05-06 14:45:47,856 - INFO - 动漫 1063 的地区信息: ['神奈川縣']
2025-05-06 14:45:47,856 - INFO - 处理动漫 1066: ノエイン もうひとりの君へ "Noein"
2025-05-06 14:46:49,872 - INFO - 已更新动漫 1049 的 info.json 文件
2025-05-06 14:46:49,872 - INFO - 动漫 1049 的地区信息: ['东京都/東京都', 'Los Angeles County', '千叶县', 'Luna County']
2025-05-06 14:46:49,872 - INFO - 处理动漫 1067: ヨスガノソラ "Yosuga no Sora"
2025-05-06 14:47:49,934 - INFO - 已更新动漫 1067 的 info.json 文件
2025-05-06 14:47:49,934 - INFO - 动漫 1067 的地区信息: ['栃木縣', '足柄下郡']
2025-05-06 14:47:49,934 - INFO - 处理动漫 1068: AIR
2025-05-06 14:48:52,027 - INFO - 已更新动漫 1065 的 info.json 文件
2025-05-06 14:48:52,027 - INFO - 动漫 1065 的地区信息: ['千叶县', '东京都/東京都']
2025-05-06 14:48:52,027 - INFO - 处理动漫 1069: ファンタジスタドール "Fantasista Doll"
2025-05-06 14:48:52,027 - WARNING - 动漫 1069 没有巡礼点数据
2025-05-06 14:48:52,027 - INFO - 处理动漫 107: 名探偵コナン 世紀末の魔術師
2025-05-06 14:50:28,114 - INFO - 已更新动漫 1066 的 info.json 文件
2025-05-06 14:50:28,114 - INFO - 动漫 1066 的地区信息: ['渡岛综合振兴局']
2025-05-06 14:50:28,114 - INFO - 处理动漫 1070: マリア様がみてる "Maria-sama ga Miteru"
2025-05-06 14:51:12,205 - INFO - 已更新动漫 107 的 info.json 文件
2025-05-06 14:51:12,205 - INFO - 动漫 107 的地区信息: ['大阪府']
2025-05-06 14:51:12,205 - INFO - 处理动漫 1071: ペルソナ4 "Shin Megami Tensei: Persona 4"
2025-05-06 14:51:46,182 - INFO - 已更新动漫 1064 的 info.json 文件
2025-05-06 14:51:46,182 - INFO - 动漫 1064 的地区信息: ['东京都/東京都', '千叶县', '兵库县/兵庫縣', '爱知县', '茨城县']
2025-05-06 14:51:46,182 - INFO - 处理动漫 1072: 言の葉の庭 "The Garden of Words"
2025-05-06 14:51:46,182 - WARNING - 动漫 1072 没有巡礼点数据
2025-05-06 14:51:46,182 - INFO - 处理动漫 1073: 秒速5センチメートル "5 Centimeters Per Second"
2025-05-06 14:52:32,254 - INFO - 已更新动漫 1071 的 info.json 文件
2025-05-06 14:52:32,254 - INFO - 动漫 1071 的地区信息: ['甘樂郡', '群马县']
2025-05-06 14:52:32,254 - INFO - 处理动漫 1074: 雲のむこう、約束の場所 "The Place Promised in Our Early Days"
2025-05-06 14:52:50,311 - INFO - 已更新动漫 1068 的 info.json 文件
2025-05-06 14:52:50,311 - INFO - 动漫 1068 的地区信息: ['日高郡', '东京都/東京都', '京都府', '美方郡', '福冈县', '和歌山县', '福井縣', '渡岛综合振兴局', '冈山县', '大阪府', '千叶县']
2025-05-06 14:52:50,311 - INFO - 处理动漫 1075: デート・ア・ライブ "Date A Live"
2025-05-06 14:53:22,304 - INFO - 已更新动漫 1074 的 info.json 文件
2025-05-06 14:53:22,304 - INFO - 动漫 1074 的地区信息: ['东津轻郡', '青森县']
2025-05-06 14:53:22,305 - INFO - 处理动漫 1076: サーバント×サービス "Servant x Service"
2025-05-06 14:53:40,339 - INFO - 已更新动漫 1075 的 info.json 文件
2025-05-06 14:53:40,339 - INFO - 动漫 1075 的地区信息: ['神奈川縣', '东京都/東京都']
2025-05-06 14:53:40,340 - INFO - 处理动漫 1077: 生徒会の一存 "Student Council's Discretion"
2025-05-06 14:54:54,356 - INFO - 已更新动漫 1060 的 info.json 文件
2025-05-06 14:54:54,356 - INFO - 动漫 1060 的地区信息: ['宫城县', '东京都/東京都', '埼玉县']
2025-05-06 14:54:54,356 - INFO - 处理动漫 1078: 生徒会役員共 "Seitokai Yakuindomo"
2025-05-06 14:54:54,356 - WARNING - 动漫 1078 没有巡礼点数据
2025-05-06 14:54:54,356 - INFO - 处理动漫 1079: ひぐらしのなく頃に "Higurashi When They Cry"
2025-05-06 14:55:20,429 - INFO - 已更新动漫 1077 的 info.json 文件
2025-05-06 14:55:20,429 - INFO - 动漫 1077 的地区信息: ['东京都/東京都', '石狩振興局']
2025-05-06 14:55:20,429 - INFO - 处理动漫 108: 名探偵コナン ベイカー街の亡霊
2025-05-06 14:55:22,434 - INFO - 已更新动漫 1076 的 info.json 文件
2025-05-06 14:55:22,434 - INFO - 动漫 1076 的地区信息: ['石狩振興局', '东京都/東京都', '福冈县', '釧路郡', '大阪府']
2025-05-06 14:55:22,434 - INFO - 处理动漫 1080: 半分の月がのぼる空 "Hanbun no Tsuki ga Noboru Sora"
2025-05-06 14:55:50,481 - INFO - 已更新动漫 108 的 info.json 文件
2025-05-06 14:55:50,481 - INFO - 动漫 108 的地区信息: ['大倫敦', '千叶县']
2025-05-06 14:55:50,481 - INFO - 处理动漫 1081: 喰霊-零- "Ga-Rei Zero"
2025-05-06 14:56:04,463 - INFO - 已更新动漫 1079 的 info.json 文件
2025-05-06 14:56:04,463 - INFO - 动漫 1079 的地区信息: ['大野郡', '岐阜县']
2025-05-06 14:56:04,463 - INFO - 处理动漫 1082: おねがい☆ティーチャー "Please Teacher! Please Twins!"
2025-05-06 14:56:10,448 - INFO - 已更新动漫 1081 的 info.json 文件
2025-05-06 14:56:10,448 - INFO - 动漫 1081 的地区信息: ['群马县', '栃木縣']
2025-05-06 14:56:10,448 - INFO - 处理动漫 1083: GO！GO！575 "Project 575"
2025-05-06 14:56:10,448 - WARNING - 动漫 1083 没有巡礼点数据
2025-05-06 14:56:10,448 - INFO - 处理动漫 1084: ガリレイドンナ "Galilei Donna"
2025-05-06 14:56:32,496 - INFO - 已更新动漫 1080 的 info.json 文件
2025-05-06 14:56:32,496 - INFO - 动漫 1080 的地区信息: ['三重县']
2025-05-06 14:56:32,497 - INFO - 处理动漫 1085: sola
2025-05-06 14:57:20,567 - INFO - 已更新动漫 1084 的 info.json 文件
2025-05-06 14:57:20,567 - INFO - 动漫 1084 的地区信息: ['京都府']
2025-05-06 14:57:20,567 - INFO - 处理动漫 1086: 神様のメモ帳 "Heaven's Memo Pad"
2025-05-06 14:57:52,556 - INFO - 已更新动漫 1085 的 info.json 文件
2025-05-06 14:57:52,556 - INFO - 动漫 1085 的地区信息: ['长崎县']
2025-05-06 14:57:52,556 - INFO - 处理动漫 1087: Angel Beats!
2025-05-06 14:58:26,754 - INFO - 已更新动漫 1073 的 info.json 文件
2025-05-06 14:58:26,754 - INFO - 动漫 1073 的地区信息: ['东京都/東京都', '埼玉县', '栃木縣', '熊毛郡', '茨城县']
2025-05-06 14:58:26,754 - INFO - 处理动漫 1088: ハマトラ "Hamatora"
2025-05-06 14:58:26,754 - WARNING - 动漫 1088 没有巡礼点数据
2025-05-06 14:58:26,754 - INFO - 处理动漫 1089: よくわかる現代魔法 "Modern Magic Made Simple"
2025-05-06 14:58:36,640 - INFO - 已更新动漫 1089 的 info.json 文件
2025-05-06 14:58:36,641 - INFO - 动漫 1089 的地区信息: ['岩手县']
2025-05-06 14:58:36,641 - INFO - 处理动漫 109: 名探偵コナン 迷宮の十字路
2025-05-06 14:59:20,624 - INFO - 已更新动漫 1086 的 info.json 文件
2025-05-06 14:59:20,624 - INFO - 动漫 1086 的地区信息: ['东京都/東京都']
2025-05-06 14:59:20,624 - INFO - 处理动漫 1090: 恋と選挙とチョコレート "Love, Elections & Chocolate"
2025-05-06 14:59:22,644 - INFO - 已更新动漫 1087 的 info.json 文件
2025-05-06 14:59:22,644 - INFO - 动漫 1087 的地区信息: ['石川县', '东京都/東京都', '冈山县']
2025-05-06 14:59:22,644 - INFO - 处理动漫 1091: ひだまりスケッチ "Hidamari Sketch"
2025-05-06 15:00:04,731 - INFO - 已更新动漫 1082 的 info.json 文件
2025-05-06 15:00:04,731 - INFO - 动漫 1082 的地区信息: ['长野县', '北佐久郡', '冲绳县 / 沖繩縣', '国头郡']
2025-05-06 15:00:04,731 - INFO - 处理动漫 1092: あっちこっち "Place to Place"
2025-05-06 15:00:30,717 - INFO - 已更新动漫 1090 的 info.json 文件
2025-05-06 15:00:30,717 - INFO - 动漫 1090 的地区信息: ['东京都/東京都']
2025-05-06 15:00:30,717 - INFO - 处理动漫 1093: これはゾンビですか？ "Is This a Zombie?"
2025-05-06 15:00:30,717 - WARNING - 动漫 1093 没有巡礼点数据
2025-05-06 15:00:30,717 - INFO - 处理动漫 1094: いなり、こんこん、恋いろは。 "Inari, Konkon, Koi Iroha"
2025-05-06 15:03:34,890 - INFO - 已更新动漫 1092 的 info.json 文件
2025-05-06 15:03:34,890 - INFO - 动漫 1092 的地区信息: ['千叶县', '东京都/東京都', '西多摩郡']
2025-05-06 15:03:34,890 - INFO - 处理动漫 1095: 織田信奈の野望 "The Ambition of Oda Nobuna"
2025-05-06 15:03:36,948 - INFO - 已更新动漫 109 的 info.json 文件
2025-05-06 15:03:36,948 - INFO - 动漫 109 的地区信息: ['京都府']
2025-05-06 15:03:36,948 - INFO - 处理动漫 1096: IS 〈インフィニット・ストラトス〉 "IS (Infinite Stratos)"
2025-05-06 15:04:57,214 - INFO - 已更新动漫 1096 的 info.json 文件
2025-05-06 15:04:57,214 - INFO - 动漫 1096 的地区信息: ['东京都/東京都', '福岛县', '神奈川縣']
2025-05-06 15:04:57,214 - INFO - 处理动漫 1097: 魔法少女まどか☆マギカ "Puella Magi Madoka Magica"
2025-05-06 15:05:24,181 - INFO - 已更新动漫 1091 的 info.json 文件
2025-05-06 15:05:24,181 - INFO - 动漫 1091 的地区信息: ['虻田郡', '渡岛综合振兴局', '神奈川縣', '千叶县', '膽振綜合振興局', '白老郡', '石狩振興局', '大阪府', '上川郡(石狩國)']
2025-05-06 15:05:24,181 - INFO - 处理动漫 1098: RDG レッドデータガール "Red Data Girl"
2025-05-06 15:05:35,147 - INFO - 已更新动漫 1095 的 info.json 文件
2025-05-06 15:05:35,147 - INFO - 动漫 1095 的地区信息: ['京都府', '滋賀县']
2025-05-06 15:05:35,147 - INFO - 处理动漫 1099: 北へ。 "Kita e"
2025-05-06 15:05:59,134 - INFO - 已更新动漫 1070 的 info.json 文件
2025-05-06 15:05:59,134 - INFO - 动漫 1070 的地区信息: ['东京都/東京都', '埼玉县', '北佐久郡', '千叶县', '广岛县', '神奈川縣', '群马县']
2025-05-06 15:05:59,134 - INFO - 处理动漫 11: 狼と香辛料
2025-05-06 15:06:29,131 - INFO - 已更新动漫 11 的 info.json 文件
2025-05-06 15:06:29,131 - INFO - 动漫 11 的地区信息: ['弗莱堡', '巴黎']
2025-05-06 15:06:29,131 - INFO - 处理动漫 110: 名探偵コナン 銀翼の奇術師
2025-05-06 15:07:29,129 - INFO - 已更新动漫 110 的 info.json 文件
2025-05-06 15:07:29,129 - INFO - 动漫 110 的地区信息: ['膽振綜合振興局', '渡岛综合振兴局', '东京都/東京都']
2025-05-06 15:07:29,129 - INFO - 处理动漫 1100: メガネブ! "Meganebu!"
2025-05-06 15:09:27,252 - INFO - 已更新动漫 1097 的 info.json 文件
2025-05-06 15:09:27,252 - INFO - 动漫 1097 的地区信息: ['东京都/東京都', '迪拜酋长国', '巴黎', '中区', '埼玉县', '美茵河畔法蘭克福', '科隆', '浦东新区', '神奈川縣', '静冈县/靜岡縣', '臺北市', '开罗', '德累斯顿', 'Região Metropolitana de Curitiba', '石狩振興局', '宫城县', '柏林', 'Milano', '西南区']
2025-05-06 15:09:27,252 - INFO - 处理动漫 1101: アイドルマスター "The Idolmaster"
2025-05-06 15:09:33,256 - INFO - 已更新动漫 1098 的 info.json 文件
2025-05-06 15:09:33,256 - INFO - 动漫 1098 的地区信息: ['东京都/東京都', '吉野郡', '和歌山县', '西牟婁郡']
2025-05-06 15:09:33,256 - INFO - 处理动漫 1102: 魔法遣いに大切なこと～夏のソラ～ "Someday's Dreamers"
2025-05-06 15:09:59,287 - INFO - 已更新动漫 1100 的 info.json 文件
2025-05-06 15:09:59,287 - INFO - 动漫 1100 的地区信息: ['福井縣']
2025-05-06 15:09:59,287 - INFO - 处理动漫 1103: 灼眼のシャナ "Shakugan no Shana"
2025-05-06 15:11:05,339 - INFO - 已更新动漫 1099 的 info.json 文件
2025-05-06 15:11:05,339 - INFO - 动漫 1099 的地区信息: ['石狩振興局', '十勝綜合振興局', '上川綜合振興局', '積丹郡', '幌泉郡', '虻田郡', '川上郡', '廣尾郡']
2025-05-06 15:11:05,339 - INFO - 处理动漫 1104: アイカツ！ "Aikatsu!"
2025-05-06 15:11:09,429 - INFO - 已更新动漫 1103 的 info.json 文件
2025-05-06 15:11:09,429 - INFO - 动漫 1103 的地区信息: ['埼玉县', '东京都/東京都']
2025-05-06 15:11:09,429 - INFO - 处理动漫 1105: 未確認で進行形 "Engaged to the Unidentified"
2025-05-06 15:11:21,367 - INFO - 已更新动漫 1094 的 info.json 文件
2025-05-06 15:11:21,368 - INFO - 动漫 1094 的地区信息: ['京都府', '岛根县', '石狩振興局', '紫波郡', '熊本县', '鹿足郡', '东京都/東京都', '长野县']
2025-05-06 15:11:21,368 - INFO - 处理动漫 1106: ニセコイ "Nisekoi"
2025-05-06 15:11:35,467 - INFO - 已更新动漫 1104 的 info.json 文件
2025-05-06 15:11:35,467 - INFO - 动漫 1104 的地区信息: ['东京都/東京都', '埼玉县']
2025-05-06 15:11:35,467 - INFO - 处理动漫 1107: 東京レイヴンズ "Tokyo Ravens"
2025-05-06 15:13:11,538 - INFO - 已更新动漫 1106 的 info.json 文件
2025-05-06 15:13:11,538 - INFO - 动漫 1106 的地区信息: ['东京都/東京都']
2025-05-06 15:13:11,538 - INFO - 处理动漫 1108: ストライク・ザ・ブラッド "Strike the Blood"
2025-05-06 15:13:51,552 - INFO - 已更新动漫 1108 的 info.json 文件
2025-05-06 15:13:51,553 - INFO - 动漫 1108 的地区信息: ['东京都/東京都', '神奈川縣']
2025-05-06 15:13:51,553 - INFO - 处理动漫 1109: のうりん "No-Rin"
2025-05-06 15:15:35,607 - INFO - 已更新动漫 1107 的 info.json 文件
2025-05-06 15:15:35,607 - INFO - 动漫 1107 的地区信息: ['东京都/東京都']
2025-05-06 15:15:35,607 - INFO - 处理动漫 111: 名探偵コナン 探偵たちの鎮魂歌
2025-05-06 15:16:05,675 - INFO - 已更新动漫 111 的 info.json 文件
2025-05-06 15:16:05,675 - INFO - 动漫 111 的地区信息: ['神奈川縣']
2025-05-06 15:16:05,675 - INFO - 处理动漫 1110: 凪のあすから "Nagi-Asu: A Lull in the Sea"
2025-05-06 15:16:09,677 - INFO - 已更新动漫 1105 的 info.json 文件
2025-05-06 15:16:09,677 - INFO - 动漫 1105 的地区信息: ['福岛县', '大沼郡']
2025-05-06 15:16:09,677 - INFO - 处理动漫 1111: 私がモテないのはどう考えてもお前らが悪い! "WataMote"
2025-05-06 15:16:47,701 - INFO - 已更新动漫 1101 的 info.json 文件
2025-05-06 15:16:47,701 - INFO - 动漫 1101 的地区信息: ['东京都/東京都', '中郡', '京都府']
2025-05-06 15:16:47,701 - INFO - 处理动漫 1112: Fate/stay night
2025-05-06 15:17:39,734 - INFO - 已更新动漫 1111 的 info.json 文件
2025-05-06 15:17:39,734 - INFO - 动漫 1111 的地区信息: ['东京都/東京都', '千叶县', '大阪府']
2025-05-06 15:17:39,734 - INFO - 处理动漫 1113: 銀の匙 Silver Spoon "Silver Spoon"
2025-05-06 15:18:11,794 - INFO - 已更新动漫 1109 的 info.json 文件
2025-05-06 15:18:11,794 - INFO - 动漫 1109 的地区信息: ['岐阜县', '东京都/東京都', '爱知县']
2025-05-06 15:18:11,794 - INFO - 处理动漫 1114: 美少女戦士セーラームーン "Sailor Moon"
2025-05-06 15:18:23,821 - INFO - 已更新动漫 1102 的 info.json 文件
2025-05-06 15:18:23,821 - INFO - 动漫 1102 的地区信息: ['东京都/東京都', '上川郡(石狩國)', '神奈川縣']
2025-05-06 15:18:23,822 - INFO - 处理动漫 1115: うた∽かた "Uta Kata"
2025-05-06 15:18:55,803 - INFO - 已更新动漫 1110 的 info.json 文件
2025-05-06 15:18:55,803 - INFO - 动漫 1110 的地区信息: ['三重县', '北牟婁郡']
2025-05-06 15:18:55,803 - INFO - 处理动漫 1116: GJ部 "GJ Club"
2025-05-06 15:18:55,804 - WARNING - 动漫 1116 没有巡礼点数据
2025-05-06 15:18:55,804 - INFO - 处理动漫 1117: プリティーリズム "Pretty Rhythm"
2025-05-06 15:19:37,867 - INFO - 已更新动漫 1112 的 info.json 文件
2025-05-06 15:19:37,868 - INFO - 动漫 1112 的地区信息: ['兵库县/兵庫縣', '东京都/東京都', '千叶县', '长崎县', '神奈川縣']
2025-05-06 15:19:37,868 - INFO - 处理动漫 1118: kiss×sis "Kissxsis"
2025-05-06 15:20:25,902 - INFO - 已更新动漫 1117 的 info.json 文件
2025-05-06 15:20:25,902 - INFO - 动漫 1117 的地区信息: ['石狩振興局', '上川郡(石狩國)', '空知郡']
2025-05-06 15:20:25,902 - INFO - 处理动漫 1119: バクマン。 "Bakuman"
2025-05-06 15:20:40,029 - INFO - 已更新动漫 1113 的 info.json 文件
2025-05-06 15:20:40,029 - INFO - 动漫 1113 的地区信息: ['十勝綜合振興局', '石狩振興局', '河西郡']
2025-05-06 15:20:40,029 - INFO - 处理动漫 112: 劇場版ポケットモンスター ダイヤモンド&パール ディアルガVSパルキアVSダークライ
2025-05-06 15:20:49,926 - INFO - 已更新动漫 112 的 info.json 文件
2025-05-06 15:20:49,926 - INFO - 动漫 112 的地区信息: ['Barcelonès']
2025-05-06 15:20:49,926 - INFO - 处理动漫 1120: JA 〜女子によるアグリカルチャー〜 "JA"
2025-05-06 15:20:49,926 - WARNING - 动漫 1120 没有巡礼点数据
2025-05-06 15:20:49,927 - INFO - 处理动漫 1121: 未来日記 "Future Diary"
2025-05-06 15:20:57,947 - INFO - 已更新动漫 1118 的 info.json 文件
2025-05-06 15:20:57,947 - INFO - 动漫 1118 的地区信息: ['群马县', '北羣馬郡']
2025-05-06 15:20:57,947 - INFO - 处理动漫 1122: ソードアート・オンライン "Sword Art Online"
2025-05-06 15:21:41,975 - INFO - 已更新动漫 1114 的 info.json 文件
2025-05-06 15:21:41,975 - INFO - 动漫 1114 的地区信息: ['东京都/東京都']
2025-05-06 15:21:41,975 - INFO - 处理动漫 1123: あいうら "Aiura"
2025-05-06 15:22:18,015 - INFO - 已更新动漫 1122 的 info.json 文件
2025-05-06 15:22:18,015 - INFO - 动漫 1122 的地区信息: ['东京都/東京都', '埼玉县']
2025-05-06 15:22:18,015 - INFO - 处理动漫 1124: あずまんが大王 "Azumanga Daioh"
2025-05-06 15:22:32,091 - INFO - 已更新动漫 1123 的 info.json 文件
2025-05-06 15:22:32,091 - INFO - 动漫 1123 的地区信息: ['神奈川縣', '吾妻郡']
2025-05-06 15:22:32,091 - INFO - 处理动漫 1125: 京騒戯画 "Kyousougiga"
2025-05-06 15:23:10,070 - INFO - 已更新动漫 1121 的 info.json 文件
2025-05-06 15:23:10,070 - INFO - 动漫 1121 的地区信息: ['栃木縣']
2025-05-06 15:23:10,070 - INFO - 处理动漫 1126: 最終兵器彼女 "Saikano"
2025-05-06 15:24:38,208 - INFO - 已更新动漫 1124 的 info.json 文件
2025-05-06 15:24:38,208 - INFO - 动漫 1124 的地区信息: ['冲绳县 / 沖繩縣', '国头郡']
2025-05-06 15:24:38,208 - INFO - 处理动漫 1127: 純情ロマンチカ "Junjo Romantica: Pure Romance"
2025-05-06 15:25:04,218 - INFO - 已更新动漫 1115 的 info.json 文件
2025-05-06 15:25:04,218 - INFO - 动漫 1115 的地区信息: ['神奈川縣']
2025-05-06 15:25:04,219 - INFO - 处理动漫 1128: センコロール "Cencoroll"
2025-05-06 15:25:42,253 - INFO - 已更新动漫 1125 的 info.json 文件
2025-05-06 15:25:42,253 - INFO - 动漫 1125 的地区信息: ['京都府', '冈山县', '神奈川縣']
2025-05-06 15:25:42,253 - INFO - 处理动漫 1129: ときめきメモリアル Only Love "Tokimeki Memorial Only Love"
2025-05-06 15:25:58,275 - INFO - 已更新动漫 1127 的 info.json 文件
2025-05-06 15:25:58,276 - INFO - 动漫 1127 的地区信息: ['石狩振興局']
2025-05-06 15:25:58,276 - INFO - 处理动漫 113: 大魔法峠
2025-05-06 15:27:08,306 - INFO - 已更新动漫 113 的 info.json 文件
2025-05-06 15:27:08,306 - INFO - 动漫 113 的地区信息: ['东京都/東京都', '京都府', '生駒郡']
2025-05-06 15:27:08,306 - INFO - 处理动漫 1130: グラスリップ "Glasslip"
2025-05-06 15:27:34,338 - INFO - 已更新动漫 1128 的 info.json 文件
2025-05-06 15:27:34,338 - INFO - 动漫 1128 的地区信息: ['石狩振興局']
2025-05-06 15:27:34,338 - INFO - 处理动漫 1131: そにアニ "SUPER SONICO THE ANIMATION"
2025-05-06 15:27:46,349 - INFO - 已更新动漫 1119 的 info.json 文件
2025-05-06 15:27:46,349 - INFO - 动漫 1119 的地区信息: ['东京都/東京都', '埼玉县']
2025-05-06 15:27:46,349 - INFO - 处理动漫 1132: リーンの翼 "The Wings of Rean"
2025-05-06 15:28:32,475 - INFO - 已更新动漫 1129 的 info.json 文件
2025-05-06 15:28:32,475 - INFO - 动漫 1129 的地区信息: ['虻田郡', '石狩振興局', '上川綜合振興局']
2025-05-06 15:28:32,475 - INFO - 处理动漫 1133: るろうに剣心 "Rurouni Kenshin"
2025-05-06 15:28:32,475 - WARNING - 动漫 1133 没有巡礼点数据
2025-05-06 15:28:32,475 - INFO - 处理动漫 1134: ラブひな "Love Hina"
2025-05-06 15:28:52,432 - INFO - 已更新动漫 1134 的 info.json 文件
2025-05-06 15:28:52,432 - INFO - 动漫 1134 的地区信息: ['山形县', '岩手县']
2025-05-06 15:28:52,432 - INFO - 处理动漫 1135: Wind -a breath of heart-
2025-05-06 15:29:06,428 - INFO - 已更新动漫 1132 的 info.json 文件
2025-05-06 15:29:06,428 - INFO - 动漫 1132 的地区信息: ['山口县']
2025-05-06 15:29:06,428 - INFO - 处理动漫 1136: 新世紀エヴァンゲリオン "Neon Genesis EVANGELION"
2025-05-06 15:29:06,428 - WARNING - 动漫 1136 没有巡礼点数据
2025-05-06 15:29:06,429 - INFO - 处理动漫 1137: ストラトス・フォー "Stratos 4"
2025-05-06 15:29:44,472 - INFO - 已更新动漫 1131 的 info.json 文件
2025-05-06 15:29:44,472 - INFO - 动漫 1131 的地区信息: ['东京都/東京都', '冲绳县 / 沖繩縣', '新潟县']
2025-05-06 15:29:44,472 - INFO - 处理动漫 1138: 聲の形 "A Silent Voice"
2025-05-06 15:29:48,475 - INFO - 已更新动漫 1130 的 info.json 文件
2025-05-06 15:29:48,475 - INFO - 动漫 1130 的地区信息: ['福井縣']
2025-05-06 15:29:48,475 - INFO - 处理动漫 1139: 一週間フレンズ。 "One Week Friends"
2025-05-06 15:30:12,504 - INFO - 已更新动漫 1135 的 info.json 文件
2025-05-06 15:30:12,504 - INFO - 动漫 1135 的地区信息: ['广岛县', '虻田郡', '长崎县', '石狩振興局']
2025-05-06 15:30:12,505 - INFO - 处理动漫 114: 灼眼のシャナS
2025-05-06 15:30:16,518 - INFO - 已更新动漫 1137 的 info.json 文件
2025-05-06 15:30:16,518 - INFO - 动漫 1137 的地区信息: ['冲绳县 / 沖繩縣']
2025-05-06 15:30:16,518 - INFO - 处理动漫 1140: ピンポン "Ping Pong"
2025-05-06 15:30:16,518 - WARNING - 动漫 1140 没有巡礼点数据
2025-05-06 15:30:16,518 - INFO - 处理动漫 1141: 極黒のブリュンヒルデ "Brynhildr in the Darkness"
2025-05-06 15:30:30,530 - INFO - 已更新动漫 1126 的 info.json 文件
2025-05-06 15:30:30,530 - INFO - 动漫 1126 的地区信息: ['虻田郡', '宫城县', '上川綜合振興局', '石狩振興局', '东京都/東京都', '膽振綜合振興局']
2025-05-06 15:30:30,530 - INFO - 处理动漫 1142: SLAM DUNK
2025-05-06 15:30:32,548 - INFO - 已更新动漫 114 的 info.json 文件
2025-05-06 15:30:32,548 - INFO - 动漫 114 的地区信息: ['静冈县/靜岡縣']
2025-05-06 15:30:32,548 - INFO - 处理动漫 1143: Canvas2 〜虹色のスケッチ〜 "Canvas 2: Niji Iro no Sketch"
2025-05-06 15:31:00,656 - INFO - 已更新动漫 1142 的 info.json 文件
2025-05-06 15:31:00,656 - INFO - 动漫 1142 的地区信息: ['神奈川縣']
2025-05-06 15:31:00,656 - INFO - 处理动漫 1144: 彼氏彼女の事情 "Kare Kano "
2025-05-06 15:31:00,656 - WARNING - 动漫 1144 没有巡礼点数据
2025-05-06 15:31:00,656 - INFO - 处理动漫 1145: 蒼穹のファフナー "Fafner in the Azure"
2025-05-06 15:31:22,601 - INFO - 已更新动漫 1143 的 info.json 文件
2025-05-06 15:31:22,601 - INFO - 动漫 1143 的地区信息: ['东京都/東京都']
2025-05-06 15:31:22,601 - INFO - 处理动漫 1146: School Days
2025-05-06 15:31:22,601 - WARNING - 动漫 1146 没有巡礼点数据
2025-05-06 15:31:22,601 - INFO - 处理动漫 1147: ヒカルの碁 "Hikaru no Go"
2025-05-06 15:31:50,589 - INFO - 已更新动漫 1145 的 info.json 文件
2025-05-06 15:31:50,589 - INFO - 动漫 1145 的地区信息: ['广岛县']
2025-05-06 15:31:50,590 - INFO - 处理动漫 1148: みずいろ "Mizuiro"
2025-05-06 15:32:50,692 - INFO - 已更新动漫 1148 的 info.json 文件
2025-05-06 15:32:50,692 - INFO - 动漫 1148 的地区信息: ['埼玉县']
2025-05-06 15:32:50,692 - INFO - 处理动漫 1149: さくら、咲きました。 "Sakura Saki masita"
2025-05-06 15:32:52,718 - INFO - 已更新动漫 1147 的 info.json 文件
2025-05-06 15:32:52,718 - INFO - 动漫 1147 的地区信息: ['广岛县', '东京都/東京都']
2025-05-06 15:32:52,718 - INFO - 处理动漫 115: デジモンアドベンチャー
2025-05-06 15:33:04,761 - INFO - 已更新动漫 1138 的 info.json 文件
2025-05-06 15:33:04,761 - INFO - 动漫 1138 的地区信息: ['岐阜县', '養老郡', '三重县']
2025-05-06 15:33:04,761 - INFO - 处理动漫 1150: スマガ "Sumaga"
2025-05-06 15:33:46,710 - INFO - 已更新动漫 1141 的 info.json 文件
2025-05-06 15:33:46,710 - INFO - 动漫 1141 的地区信息: ['东京都/東京都', '长野县', '神奈川縣', '上水內郡']
2025-05-06 15:33:46,710 - INFO - 处理动漫 1151: ラムネ "Lamune"
2025-05-06 15:35:20,813 - INFO - 已更新动漫 1149 的 info.json 文件
2025-05-06 15:35:20,813 - INFO - 动漫 1149 的地区信息: ['山形县', '秋田县', '西置賜郡', '東置賜郡', '東村山郡', '田村郡', '新潟县']
2025-05-06 15:35:20,813 - INFO - 处理动漫 1152: Dolphin Divers
2025-05-06 15:35:24,829 - INFO - 已更新动漫 1150 的 info.json 文件
2025-05-06 15:35:24,830 - INFO - 动漫 1150 的地区信息: ['宫城县']
2025-05-06 15:35:24,830 - INFO - 处理动漫 1153: あまつみそらに! "AMATSU MISORA NI!"
2025-05-06 15:35:46,821 - INFO - 已更新动漫 1151 的 info.json 文件
2025-05-06 15:35:46,821 - INFO - 动漫 1151 的地区信息: ['西牟婁郡', '東牟婁郡']
2025-05-06 15:35:46,822 - INFO - 处理动漫 1154: AQUA
2025-05-06 15:36:00,901 - INFO - 已更新动漫 1152 的 info.json 文件
2025-05-06 15:36:00,901 - INFO - 动漫 1152 的地区信息: ['八重山郡']
2025-05-06 15:36:00,901 - INFO - 处理动漫 1155: FairChild
2025-05-06 15:36:40,887 - INFO - 已更新动漫 1155 的 info.json 文件
2025-05-06 15:36:40,887 - INFO - 动漫 1155 的地区信息: ['渡岛综合振兴局', '石狩振興局']
2025-05-06 15:36:40,887 - INFO - 处理动漫 1156: Clover Heart's
2025-05-06 15:36:40,888 - WARNING - 动漫 1156 没有巡礼点数据
2025-05-06 15:36:40,888 - INFO - 处理动漫 1157: 秋空に舞うコンフェティ "Akizora Confetti"
2025-05-06 15:37:10,988 - INFO - 已更新动漫 1157 的 info.json 文件
2025-05-06 15:37:10,988 - INFO - 动漫 1157 的地区信息: ['京都府']
2025-05-06 15:37:10,989 - INFO - 处理动漫 1158: アンバークォーツ "Amber Quartz"
2025-05-06 15:37:16,934 - INFO - 已更新动漫 1154 的 info.json 文件
2025-05-06 15:37:16,934 - INFO - 动漫 1154 的地区信息: ['长崎县', '广岛县']
2025-05-06 15:37:16,934 - INFO - 处理动漫 1159: 恋色空模様 "Koiiro Soramoyo"
2025-05-06 15:37:44,965 - INFO - 已更新动漫 1153 的 info.json 文件
2025-05-06 15:37:44,966 - INFO - 动漫 1153 的地区信息: ['小豆郡', '香川县']
2025-05-06 15:37:44,966 - INFO - 处理动漫 116: デジモンテイマーズ
2025-05-06 15:38:00,989 - INFO - 已更新动漫 1158 的 info.json 文件
2025-05-06 15:38:00,989 - INFO - 动漫 1158 的地区信息: ['埼玉县']
2025-05-06 15:38:00,990 - INFO - 处理动漫 1160: それは舞い散る桜のように "Cherry Petals Fall Like Teardrops"
2025-05-06 15:38:06,966 - INFO - 已更新动漫 1159 的 info.json 文件
2025-05-06 15:38:06,966 - INFO - 动漫 1159 的地区信息: ['爱媛县', '广岛县']
2025-05-06 15:38:06,966 - INFO - 处理动漫 1161: Candy☆Boy "Candy Boy"
2025-05-06 15:38:18,990 - INFO - 已更新动漫 1139 的 info.json 文件
2025-05-06 15:38:18,990 - INFO - 动漫 1139 的地区信息: ['东京都/東京都', '神奈川縣']
2025-05-06 15:38:18,990 - INFO - 处理动漫 1162: かなめも "Kanamemo"
2025-05-06 15:38:51,047 - INFO - 已更新动漫 1160 的 info.json 文件
2025-05-06 15:38:51,047 - INFO - 动漫 1160 的地区信息: ['东京都/東京都']
2025-05-06 15:38:51,047 - INFO - 处理动漫 1163: フルメタル・パニック! "Full Metal Panic!"
2025-05-06 15:38:57,017 - INFO - 已更新动漫 1161 的 info.json 文件
2025-05-06 15:38:57,017 - INFO - 动漫 1161 的地区信息: ['沙流郡']
2025-05-06 15:38:57,017 - INFO - 处理动漫 1164: ブラック・ブレット "Black Bullet"
2025-05-06 15:39:25,044 - INFO - 已更新动漫 116 的 info.json 文件
2025-05-06 15:39:25,044 - INFO - 动漫 116 的地区信息: ['东京都/東京都', '长野县', '神奈川縣']
2025-05-06 15:39:25,045 - INFO - 处理动漫 1165: selector infected WIXOSS
2025-05-06 15:39:27,045 - INFO - 已更新动漫 1164 的 info.json 文件
2025-05-06 15:39:27,045 - INFO - 动漫 1164 的地区信息: ['东京都/東京都']
2025-05-06 15:39:27,045 - INFO - 处理动漫 1166: ばらかもん "Barakamon"
2025-05-06 15:39:51,077 - INFO - 已更新动漫 1163 的 info.json 文件
2025-05-06 15:39:51,077 - INFO - 动漫 1163 的地区信息: ['东京都/東京都']
2025-05-06 15:39:51,077 - INFO - 处理动漫 1167: 高杉さん家のおべんとう "Takasugi-san Chi no Obentou"
2025-05-06 15:40:01,241 - INFO - 已更新动漫 1167 的 info.json 文件
2025-05-06 15:40:01,241 - INFO - 动漫 1167 的地区信息: ['爱知县']
2025-05-06 15:40:01,241 - INFO - 处理动漫 1168: ハナヤマタ "Hanayamata"
2025-05-06 15:40:13,156 - INFO - 已更新动漫 115 的 info.json 文件
2025-05-06 15:40:13,156 - INFO - 动漫 115 的地区信息: ['东京都/東京都', 'New York County', '巴黎', '莫斯科', '油尖旺區']
2025-05-06 15:40:13,156 - INFO - 处理动漫 1169: 普通の女子校生が【ろこどる】やってみた。 "Locodol"
2025-05-06 15:41:35,191 - INFO - 已更新动漫 1165 的 info.json 文件
2025-05-06 15:41:35,191 - INFO - 动漫 1165 的地区信息: ['东京都/東京都']
2025-05-06 15:41:35,191 - INFO - 处理动漫 117: びんちょうタン
2025-05-06 15:41:45,196 - INFO - 已更新动漫 117 的 info.json 文件
2025-05-06 15:41:45,196 - INFO - 动漫 117 的地区信息: ['日高郡']
2025-05-06 15:41:45,197 - INFO - 处理动漫 1170: アルドノア・ゼロ "ALDNOAH.ZERO"
2025-05-06 15:42:25,265 - INFO - 已更新动漫 1170 的 info.json 文件
2025-05-06 15:42:25,265 - INFO - 动漫 1170 的地区信息: ['东京都/東京都', '兵库县/兵庫縣']
2025-05-06 15:42:25,266 - INFO - 处理动漫 1171: ペルソナ 〜トリニティ・ソウル〜 "Persona: Trinity Soul"
2025-05-06 15:43:05,279 - INFO - 已更新动漫 1171 的 info.json 文件
2025-05-06 15:43:05,279 - INFO - 动漫 1171 的地区信息: ['富山縣']
2025-05-06 15:43:05,279 - INFO - 处理动漫 1172: RAIL WARS! -日本國有鉄道公安隊- "Rail Wars!"
2025-05-06 15:43:29,320 - INFO - 已更新动漫 1162 的 info.json 文件
2025-05-06 15:43:29,321 - INFO - 动漫 1162 的地区信息: ['东京都/東京都']
2025-05-06 15:43:29,321 - INFO - 处理动漫 1173: 東京喰種トーキョーグール "Tokyo Ghoul"
2025-05-06 15:44:27,370 - INFO - 已更新动漫 1166 的 info.json 文件
2025-05-06 15:44:27,370 - INFO - 动漫 1166 的地区信息: ['长崎县']
2025-05-06 15:44:27,370 - INFO - 处理动漫 1174: 天体のメソッド "Sora no Method"
2025-05-06 15:44:33,355 - INFO - 已更新动漫 1169 的 info.json 文件
2025-05-06 15:44:33,355 - INFO - 动漫 1169 的地区信息: ['千叶县', '爱知县', '东京都/東京都']
2025-05-06 15:44:33,355 - INFO - 处理动漫 1175: 星空へ架かる橋 "Hoshizora e Kakaru Hashi"
2025-05-06 15:46:13,469 - INFO - 已更新动漫 1175 的 info.json 文件
2025-05-06 15:46:13,469 - INFO - 动漫 1175 的地区信息: ['岐阜县']
2025-05-06 15:46:13,469 - INFO - 处理动漫 1176: ほしのふるまち "Hoshi no Furumachi"
2025-05-06 15:46:13,469 - WARNING - 动漫 1176 没有巡礼点数据
2025-05-06 15:46:13,469 - INFO - 处理动漫 1177: 結城友奈は勇者である "Yuki Yuna wa Yusha de Aru"
2025-05-06 15:46:45,495 - INFO - 已更新动漫 1172 的 info.json 文件
2025-05-06 15:46:45,495 - INFO - 动漫 1172 的地区信息: ['群马县', '北佐久郡']
2025-05-06 15:46:45,495 - INFO - 处理动漫 1178: 
2025-05-06 15:46:45,495 - WARNING - 动漫 1178 没有巡礼点数据
2025-05-06 15:46:45,496 - INFO - 处理动漫 1179: 咲-Saki- シノハユ the dawn of age "Side story of -Saki-: Shinohayu the dawn of age"
2025-05-06 15:47:09,533 - INFO - 已更新动漫 1173 的 info.json 文件
2025-05-06 15:47:09,533 - INFO - 动漫 1173 的地区信息: ['东京都/東京都']
2025-05-06 15:47:09,533 - INFO - 处理动漫 118: First Squad: The Moment Of Truth
2025-05-06 15:47:19,545 - INFO - 已更新动漫 118 的 info.json 文件
2025-05-06 15:47:19,545 - INFO - 动漫 118 的地区信息: ['Псковский район']
2025-05-06 15:47:19,545 - INFO - 处理动漫 1180: Rewrite
2025-05-06 15:48:19,593 - INFO - 已更新动漫 1180 的 info.json 文件
2025-05-06 15:48:19,593 - INFO - 动漫 1180 的地区信息: ['兵库县/兵庫縣', '石狩振興局', '福冈县', '福岛县', '大阪府', '东京都/東京都']
2025-05-06 15:48:19,593 - INFO - 处理动漫 1181: 四月は君の嘘 "Your Lie in April"
2025-05-06 15:48:21,608 - INFO - 已更新动漫 1168 的 info.json 文件
2025-05-06 15:48:21,608 - INFO - 动漫 1168 的地区信息: ['神奈川縣', '足柄下郡', '千叶县', '埼玉县']
2025-05-06 15:48:21,608 - INFO - 处理动漫 1182: 失われた未来を求めて "Ushinawareta Mirai o Motomete"
2025-05-06 15:49:01,659 - INFO - 已更新动漫 1182 的 info.json 文件
2025-05-06 15:49:01,659 - INFO - 动漫 1182 的地区信息: ['千叶县', '神奈川縣']
2025-05-06 15:49:01,659 - INFO - 处理动漫 1183: 魔法少女大戦 "Magica Wars"
2025-05-06 15:50:41,736 - INFO - 已更新动漫 1183 的 info.json 文件
2025-05-06 15:50:41,737 - INFO - 动漫 1183 的地区信息: ['静冈县/靜岡縣', '京都府']
2025-05-06 15:50:41,737 - INFO - 处理动漫 1184: はるかかなた "Haruka Kanata"
2025-05-06 15:51:11,775 - INFO - 已更新动漫 1184 的 info.json 文件
2025-05-06 15:51:11,775 - INFO - 动漫 1184 的地区信息: ['虻田郡', '渡岛综合振兴局']
2025-05-06 15:51:11,775 - INFO - 处理动漫 1185: 金色のコルダ Blue♪Sky "La Corda d'Oro"
2025-05-06 15:51:11,775 - WARNING - 动漫 1185 没有巡礼点数据
2025-05-06 15:51:11,775 - INFO - 处理动漫 1186: ウィザード・バリスターズ 弁魔士セシル "Wizard Barristers"
2025-05-06 15:52:03,848 - INFO - 已更新动漫 1177 的 info.json 文件
2025-05-06 15:52:03,848 - INFO - 动漫 1177 的地区信息: ['香川县', '仲多度郡']
2025-05-06 15:52:03,848 - INFO - 处理动漫 1187: 俺の脳内選択肢が、学園ラブコメを全力で邪魔している "Noucome"
2025-05-06 15:53:03,915 - INFO - 已更新动漫 1187 的 info.json 文件
2025-05-06 15:53:03,915 - INFO - 动漫 1187 的地区信息: ['茨城县']
2025-05-06 15:53:03,915 - INFO - 处理动漫 1188: 彼女がフラグをおられたら "If Her Flag Breaks"
2025-05-06 15:53:03,915 - WARNING - 动漫 1188 没有巡礼点数据
2025-05-06 15:53:03,915 - INFO - 处理动漫 1189: ミス・モノクローム -The Animation- "Miss Monochrome"
2025-05-06 15:53:19,902 - INFO - 已更新动漫 1181 的 info.json 文件
2025-05-06 15:53:19,902 - INFO - 动漫 1181 的地区信息: ['东京都/東京都', '埼玉县', '神奈川縣']
2025-05-06 15:53:19,902 - INFO - 处理动漫 119: 装甲悪鬼村正
2025-05-06 15:54:33,972 - INFO - 已更新动漫 1189 的 info.json 文件
2025-05-06 15:54:33,972 - INFO - 动漫 1189 的地区信息: ['东京都/東京都', '千叶县']
2025-05-06 15:54:33,972 - INFO - 处理动漫 1190: 世界でいちばん強くなりたい! "Wanna be the Strongest in the World"
2025-05-06 15:54:58,003 - INFO - 已更新动漫 1174 的 info.json 文件
2025-05-06 15:54:58,003 - INFO - 动漫 1174 的地区信息: ['虻田郡', '石狩振興局', '有珠郡', '东京都/東京都', '香川县']
2025-05-06 15:54:58,003 - INFO - 处理动漫 1191: ディーふらぐ! "D-Frag!"
2025-05-06 15:55:00,032 - INFO - 已更新动漫 119 的 info.json 文件
2025-05-06 15:55:00,032 - INFO - 动漫 119 的地区信息: ['神奈川縣', '京都府', '鄂霍茨克综合振兴局']
2025-05-06 15:55:00,032 - INFO - 处理动漫 1192: キューティクル探偵因幡 "Cuticle Detective Inaba"
2025-05-06 15:56:14,105 - INFO - 已更新动漫 1190 的 info.json 文件
2025-05-06 15:56:14,105 - INFO - 动漫 1190 的地区信息: ['东京都/東京都', '千叶县', '埼玉县']
2025-05-06 15:56:14,105 - INFO - 处理动漫 1193: えびてん 公立海老栖川高校天悶部 "Ebiten"
2025-05-06 15:56:20,124 - INFO - 已更新动漫 1192 的 info.json 文件
2025-05-06 15:56:20,125 - INFO - 动漫 1192 的地区信息: ['东京都/東京都']
2025-05-06 15:56:20,125 - INFO - 处理动漫 1194: 薄桜鬼 "Hakuoki"
2025-05-06 15:56:38,124 - INFO - 已更新动漫 1191 的 info.json 文件
2025-05-06 15:56:38,124 - INFO - 动漫 1191 的地区信息: ['东京都/東京都']
2025-05-06 15:56:38,124 - INFO - 处理动漫 1195: 夏雪ランデブー "Natsuyuki Rendezvous"
2025-05-06 15:56:38,124 - WARNING - 动漫 1195 没有巡礼点数据
2025-05-06 15:56:38,124 - INFO - 处理动漫 1196: 黒魔女さんが通る!! "Kuromajo-san ga Toru!!"
2025-05-06 15:56:54,116 - INFO - 已更新动漫 1193 的 info.json 文件
2025-05-06 15:56:54,116 - INFO - 动漫 1193 的地区信息: ['埼玉县']
2025-05-06 15:56:54,116 - INFO - 处理动漫 1197: 革命機ヴァルヴレイヴ "Valvrave the Liberator"
2025-05-06 15:57:00,119 - INFO - 已更新动漫 1194 的 info.json 文件
2025-05-06 15:57:00,119 - INFO - 动漫 1194 的地区信息: ['京都府']
2025-05-06 15:57:00,119 - INFO - 处理动漫 1198: 超訳百人一首 うた恋い。 "Choyaku Hyakunin isshu: Uta Koi"
2025-05-06 15:57:24,131 - INFO - 已更新动漫 1197 的 info.json 文件
2025-05-06 15:57:24,131 - INFO - 动漫 1197 的地区信息: ['东京都/東京都']
2025-05-06 15:57:24,132 - INFO - 处理动漫 1199: へうげもの "Hyouge Mono"
2025-05-06 15:57:28,131 - INFO - 已更新动漫 1196 的 info.json 文件
2025-05-06 15:57:28,131 - INFO - 动漫 1196 的地区信息: ['东京都/東京都']
2025-05-06 15:57:28,131 - INFO - 处理动漫 12: 苺ましまろ
2025-05-06 15:57:30,165 - INFO - 已更新动漫 1198 的 info.json 文件
2025-05-06 15:57:30,165 - INFO - 动漫 1198 的地区信息: ['三重县', '京都府']
2025-05-06 15:57:30,165 - INFO - 处理动漫 120: ヱヴァンゲリヲン新劇場版:破
2025-05-06 15:57:40,163 - INFO - 已更新动漫 120 的 info.json 文件
2025-05-06 15:57:40,163 - INFO - 动漫 120 的地区信息: ['足柄下郡']
2025-05-06 15:57:40,163 - INFO - 处理动漫 1200: リコーダーとランドセル "Recorder and Randsell"
2025-05-06 15:57:40,163 - WARNING - 动漫 1200 没有巡礼点数据
2025-05-06 15:57:40,163 - INFO - 处理动漫 1201: 世界一初恋 "Sekai-ichi Hatsukoi"
2025-05-06 15:58:44,215 - INFO - 已更新动漫 1199 的 info.json 文件
2025-05-06 15:58:44,215 - INFO - 动漫 1199 的地区信息: ['神奈川縣', '京都府', '东京都/東京都', '乙訓郡']
2025-05-06 15:58:44,215 - INFO - 处理动漫 1202: ジュエルペット サンシャイン "Jewelpet Sunshine"
2025-05-06 16:00:10,354 - INFO - 已更新动漫 1201 的 info.json 文件
2025-05-06 16:00:10,354 - INFO - 动漫 1201 的地区信息: ['东京都/東京都']
2025-05-06 16:00:10,354 - INFO - 处理动漫 1203: ドロロンえん魔くん "Dororon Enma-kun"
2025-05-06 16:00:14,477 - INFO - 已更新动漫 1202 的 info.json 文件
2025-05-06 16:00:14,477 - INFO - 动漫 1202 的地区信息: ['东京都/東京都']
2025-05-06 16:00:14,477 - INFO - 处理动漫 1204: お兄ちゃんのことなんかぜんぜん好きじゃないんだからねっ!! "I Don't Like You at All, Big Brother!"
2025-05-06 16:00:19,026 - INFO - 已更新动漫 12 的 info.json 文件
2025-05-06 16:00:19,027 - INFO - 动漫 12 的地区信息: ['静冈县/靜岡縣', 'Tafea']
2025-05-06 16:00:19,027 - INFO - 处理动漫 1205: 海月姫 "Princess Jellyfish"
2025-05-06 16:00:34,451 - INFO - 已更新动漫 1204 的 info.json 文件
2025-05-06 16:00:34,452 - INFO - 动漫 1204 的地区信息: ['东京都/東京都']
2025-05-06 16:00:34,452 - INFO - 处理动漫 1206: 紅 kurenai "Kure-nai"
2025-05-06 16:00:34,452 - WARNING - 动漫 1206 没有巡礼点数据
2025-05-06 16:00:34,452 - INFO - 处理动漫 1207: カナリア 〜この想いを歌に乗せて〜 "Canary"
2025-05-06 16:00:56,414 - INFO - 已更新动漫 1205 的 info.json 文件
2025-05-06 16:00:56,414 - INFO - 动漫 1205 的地区信息: ['东京都/東京都']
2025-05-06 16:00:56,414 - INFO - 处理动漫 1208: SHIROBAKO "Shirobako"
2025-05-06 16:01:14,635 - INFO - 已更新动漫 1207 的 info.json 文件
2025-05-06 16:01:14,636 - INFO - 动漫 1207 的地区信息: ['香川县']
2025-05-06 16:01:14,636 - INFO - 处理动漫 1209: 繰繰れ! コックリさん "Gugure! Kokkuri-san"
2025-05-06 16:01:14,636 - WARNING - 动漫 1209 没有巡礼点数据
2025-05-06 16:01:14,636 - INFO - 处理动漫 1210: 甘城ブリリアントパーク "Amagi Brilliant Park"
2025-05-06 16:02:44,558 - INFO - 已更新动漫 1210 的 info.json 文件
2025-05-06 16:02:44,558 - INFO - 动漫 1210 的地区信息: ['东京都/東京都']
2025-05-06 16:02:44,558 - INFO - 处理动漫 1211: ご注文はうさぎですか? "Is the Order a Rabbit?"
2025-05-06 16:03:02,788 - INFO - 已更新动漫 1203 的 info.json 文件
2025-05-06 16:03:02,788 - INFO - 动漫 1203 的地区信息: ['东京都/東京都', '神奈川縣']
2025-05-06 16:03:02,788 - INFO - 处理动漫 1212: orange
2025-05-06 16:03:24,544 - INFO - 已更新动漫 1211 的 info.json 文件
2025-05-06 16:03:24,544 - INFO - 动漫 1211 的地区信息: ['Budapest', 'Haut-Rhin']
2025-05-06 16:03:24,544 - INFO - 处理动漫 1213: 月に寄りそう乙女の作法 "Tsuki ni Yorisou Otome no Sahou"
2025-05-06 16:04:14,730 - INFO - 已更新动漫 1213 的 info.json 文件
2025-05-06 16:04:14,730 - INFO - 动漫 1213 的地区信息: ['东京都/東京都']
2025-05-06 16:04:14,730 - INFO - 处理动漫 1214: 健全ロボ ダイミダラー "Daimidaler the Sound Robot"
2025-05-06 16:05:21,054 - INFO - 已更新动漫 1186 的 info.json 文件
2025-05-06 16:05:21,054 - INFO - 动漫 1186 的地区信息: ['东京都/東京都', '千叶县']
2025-05-06 16:05:21,054 - INFO - 处理动漫 1215: 最近、妹のようすがちょっとおかしいんだが。 "Recently, My Sister Is Unusual"
2025-05-06 16:06:34,689 - INFO - 已更新动漫 1214 的 info.json 文件
2025-05-06 16:06:34,689 - INFO - 动漫 1214 的地区信息: ['东京都/東京都', '神奈川縣']
2025-05-06 16:06:34,689 - INFO - 处理动漫 1216: 姫さま狸の恋算用 "Himesama Tanuki no Koizanyou"
2025-05-06 16:06:40,815 - INFO - 已更新动漫 1215 的 info.json 文件
2025-05-06 16:06:40,815 - INFO - 动漫 1215 的地区信息: ['埼玉县']
2025-05-06 16:06:40,815 - INFO - 处理动漫 1217: 東京ESP "Tokyo ESP"
2025-05-06 16:07:04,828 - INFO - 已更新动漫 1216 的 info.json 文件
2025-05-06 16:07:04,828 - INFO - 动漫 1216 的地区信息: ['德岛县']
2025-05-06 16:07:04,829 - INFO - 处理动漫 1218: げんつき "Gentsuki"
2025-05-06 16:08:26,818 - INFO - 已更新动漫 1208 的 info.json 文件
2025-05-06 16:08:26,818 - INFO - 动漫 1208 的地区信息: ['东京都/東京都']
2025-05-06 16:08:26,818 - INFO - 处理动漫 1219: メカクシティアクターズ "Mekakucity Actors"
2025-05-06 16:09:46,927 - INFO - 已更新动漫 1219 的 info.json 文件
2025-05-06 16:09:46,927 - INFO - 动漫 1219 的地区信息: ['东京都/東京都', '神奈川縣']
2025-05-06 16:09:46,927 - INFO - 处理动漫 122: GUNSLINGER GIRL
2025-05-06 16:09:54,901 - INFO - 已更新动漫 1218 的 info.json 文件
2025-05-06 16:09:54,902 - INFO - 动漫 1218 的地区信息: ['大分县', '山口县', '速见郡']
2025-05-06 16:09:54,902 - INFO - 处理动漫 1220: 幕末Rock "Bakumatsu Rock"
2025-05-06 16:10:14,907 - INFO - 已更新动漫 1220 的 info.json 文件
2025-05-06 16:10:14,907 - INFO - 动漫 1220 的地区信息: ['滋賀县']
2025-05-06 16:10:14,907 - INFO - 处理动漫 1221: Forest
2025-05-06 16:10:14,907 - WARNING - 动漫 1221 没有巡礼点数据
2025-05-06 16:10:14,907 - INFO - 处理动漫 1222: がんばれ!消えるな!!色素薄子さん "Fight! Don't disappear!! Shikiso Usuko San"
2025-05-06 16:11:33,429 - INFO - 已更新动漫 1212 的 info.json 文件
2025-05-06 16:11:33,430 - INFO - 动漫 1212 的地区信息: ['长野县']
2025-05-06 16:11:33,430 - INFO - 处理动漫 1223: 夏空カナタ "Natsuzora Kanata"
2025-05-06 16:12:53,097 - INFO - 已更新动漫 1223 的 info.json 文件
2025-05-06 16:12:53,097 - INFO - 动漫 1223 的地区信息: ['八重山郡', '京都府']
2025-05-06 16:12:53,097 - INFO - 处理动漫 1224: さかあがりハリケーン "Sakaagari Hurricane"
2025-05-06 16:12:53,097 - WARNING - 动漫 1224 没有巡礼点数据
2025-05-06 16:12:53,097 - INFO - 处理动漫 1225: 11eyes
2025-05-06 16:13:25,098 - INFO - 已更新动漫 1222 的 info.json 文件
2025-05-06 16:13:25,098 - INFO - 动漫 1222 的地区信息: ['京都府', '东京都/東京都', '滋賀县', '埼玉县', '千叶县', '三重县']
2025-05-06 16:13:25,098 - INFO - 处理动漫 1226: ぱにぽに "Pani Poni Dash!"
2025-05-06 16:13:45,144 - INFO - 已更新动漫 1226 的 info.json 文件
2025-05-06 16:13:45,144 - INFO - 动漫 1226 的地区信息: ['东京都/東京都', '大阪府']
2025-05-06 16:13:45,144 - INFO - 处理动漫 1227: そふてにっ "Softenni"
2025-05-06 16:14:05,149 - INFO - 已更新动漫 1227 的 info.json 文件
2025-05-06 16:14:05,149 - INFO - 动漫 1227 的地区信息: ['空知郡']
2025-05-06 16:14:05,149 - INFO - 处理动漫 1228: SHUFFLE!
2025-05-06 16:14:13,231 - INFO - 已更新动漫 1225 的 info.json 文件
2025-05-06 16:14:13,232 - INFO - 动漫 1225 的地区信息: ['神奈川縣', '东京都/東京都']
2025-05-06 16:14:13,232 - INFO - 处理动漫 1229: そらのおとしもの "Heaven's Lost Property"
2025-05-06 16:14:25,204 - INFO - 已更新动漫 1228 的 info.json 文件
2025-05-06 16:14:25,204 - INFO - 动漫 1228 的地区信息: ['石狩振興局']
2025-05-06 16:14:25,204 - INFO - 处理动漫 123: 涼宮ハルヒの消失
2025-05-06 16:16:03,317 - INFO - 已更新动漫 1229 的 info.json 文件
2025-05-06 16:16:03,317 - INFO - 动漫 1229 的地区信息: ['福冈县', '富山縣']
2025-05-06 16:16:03,317 - INFO - 处理动漫 1230: O/A
2025-05-06 16:18:11,452 - INFO - 已更新动漫 1217 的 info.json 文件
2025-05-06 16:18:11,452 - INFO - 动漫 1217 的地区信息: ['东京都/東京都']
2025-05-06 16:18:11,452 - INFO - 处理动漫 1231: どうなのっ河本さん! "Dounano Kawamotosan!"
2025-05-06 16:19:11,474 - INFO - 已更新动漫 1231 的 info.json 文件
2025-05-06 16:19:11,474 - INFO - 动漫 1231 的地区信息: ['滋賀县']
2025-05-06 16:19:11,474 - INFO - 处理动漫 1232: さくらDISCORD "Sakura Discord"
2025-05-06 16:19:41,479 - INFO - 已更新动漫 1232 的 info.json 文件
2025-05-06 16:19:41,479 - INFO - 动漫 1232 的地区信息: ['兵库县/兵庫縣']
2025-05-06 16:19:41,479 - INFO - 处理动漫 1233: いきいきごんぼ "Ikiiki Gonbo"
2025-05-06 16:21:11,658 - INFO - 已更新动漫 1233 的 info.json 文件
2025-05-06 16:21:11,658 - INFO - 动漫 1233 的地区信息: ['揖保郡']
2025-05-06 16:21:11,658 - INFO - 处理动漫 1234: ハヤチネ! "Hayachine!"
2025-05-06 16:21:11,658 - WARNING - 动漫 1234 没有巡礼点数据
2025-05-06 16:21:11,659 - INFO - 处理动漫 1235: サムライフラメンコ "Samurai Flamenco"
2025-05-06 16:21:19,653 - INFO - 已更新动漫 1179 的 info.json 文件
2025-05-06 16:21:19,653 - INFO - 动漫 1179 的地区信息: ['岛根县', '广岛县', '神奈川縣', '吉野郡', '东京都/東京都', '冈山县', '大阪府', '群马县']
2025-05-06 16:21:19,653 - INFO - 处理动漫 1236: ゆりてつ 私立百合ヶ咲女子高鉄道部 "Yuri Tetsu"
2025-05-06 16:24:09,864 - INFO - 已更新动漫 1236 的 info.json 文件
2025-05-06 16:24:09,864 - INFO - 动漫 1236 的地区信息: ['犬上郡', '东津轻郡', '石狩振興局', '滋賀县', '膽振綜合振興局', '山越郡', '埼玉县']
2025-05-06 16:24:09,864 - INFO - 处理动漫 1237: WHITE ALBUM2
2025-05-06 16:24:27,754 - WARNING - 无法从坐标 40.12, 11.3433 获取地区信息
2025-05-06 16:24:29,791 - INFO - 已更新动漫 1237 的 info.json 文件
2025-05-06 16:24:29,791 - INFO - 动漫 1237 的地区信息: ['下莱茵省']
2025-05-06 16:24:29,791 - INFO - 处理动漫 1238: デビルサバイバー2 "Devil Survivor 2"
2025-05-06 16:24:53,209 - INFO - 已更新动漫 1235 的 info.json 文件
2025-05-06 16:24:53,209 - INFO - 动漫 1235 的地区信息: ['东京都/東京都', '大阪府', '埼玉县', '兵库县/兵庫縣']
2025-05-06 16:24:53,209 - INFO - 处理动漫 1239: 武装神姫 "Busou Shinki"
2025-05-06 16:25:31,885 - INFO - 已更新动漫 1239 的 info.json 文件
2025-05-06 16:25:31,885 - INFO - 动漫 1239 的地区信息: ['大阪府', '兵库县/兵庫縣', '广岛县', '冲绳县 / 沖繩縣']
2025-05-06 16:25:31,885 - INFO - 处理动漫 124: I"s Pure
2025-05-06 16:25:41,888 - INFO - 已更新动漫 124 的 info.json 文件
2025-05-06 16:25:41,888 - INFO - 动漫 124 的地区信息: ['京都府']
2025-05-06 16:25:41,888 - INFO - 处理动漫 1240: ガッチャマン クラウズ "Gatchaman Crowds"
2025-05-06 16:25:57,902 - INFO - 已更新动漫 122 的 info.json 文件
2025-05-06 16:25:57,902 - INFO - 动漫 122 的地区信息: ['Roma Capitale', 'Napoli', 'Venezia', 'Firenze', 'Milano', '墨西拿', '梵蒂冈', 'الهادي شاكر', '意大利', 'Reggio Calabria', 'Matera']
2025-05-06 16:25:57,902 - INFO - 处理动漫 1241: ギルティクラウン "GUILTY CROWN"
2025-05-06 16:26:39,938 - INFO - 已更新动漫 1238 的 info.json 文件
2025-05-06 16:26:39,938 - INFO - 动漫 1238 的地区信息: ['东京都/東京都']
2025-05-06 16:26:39,938 - INFO - 处理动漫 1242: 月影ベイベ "Tsuki Kage Beibe"
2025-05-06 16:26:45,886 - INFO - 已更新动漫 123 的 info.json 文件
2025-05-06 16:26:45,887 - INFO - 动漫 123 的地区信息: ['兵库县/兵庫縣']
2025-05-06 16:26:45,887 - INFO - 处理动漫 1243: 僕に恋するメカニカル "Mechanical Love"
2025-05-06 16:26:57,900 - INFO - 已更新动漫 1241 的 info.json 文件
2025-05-06 16:26:57,900 - INFO - 动漫 1241 的地区信息: ['东京都/東京都']
2025-05-06 16:26:57,901 - INFO - 处理动漫 1244: あやかしコンビニエンス "Ayakashi Convenience"
2025-05-06 16:27:49,971 - INFO - 已更新动漫 1242 的 info.json 文件
2025-05-06 16:27:49,971 - INFO - 动漫 1242 的地区信息: ['富山縣']
2025-05-06 16:27:49,971 - INFO - 处理动漫 1245: ハヤテのごとく! "Hayate the Combat Butler"
2025-05-06 16:28:15,994 - INFO - 已更新动漫 1243 的 info.json 文件
2025-05-06 16:28:15,994 - INFO - 动漫 1243 的地区信息: ['东京都/東京都']
2025-05-06 16:28:15,994 - INFO - 处理动漫 1246: まんがーる! "Mangirl!"
2025-05-06 16:28:18,050 - INFO - 已更新动漫 1244 的 info.json 文件
2025-05-06 16:28:18,050 - INFO - 动漫 1244 的地区信息: ['滋賀县']
2025-05-06 16:28:18,050 - INFO - 处理动漫 1247: ハル "Hal"
2025-05-06 16:28:36,020 - INFO - 已更新动漫 1246 的 info.json 文件
2025-05-06 16:28:36,020 - INFO - 动漫 1246 的地区信息: ['东京都/東京都']
2025-05-06 16:28:36,020 - INFO - 处理动漫 1248: 帰宅部活動記録 "Chronicles of the Going Home Club"
2025-05-06 16:28:36,020 - WARNING - 动漫 1248 没有巡礼点数据
2025-05-06 16:28:36,020 - INFO - 处理动漫 1249: 札幌乙女ごはん。 "Sapporo Otome Gohan"
2025-05-06 16:29:26,103 - INFO - 已更新动漫 1249 的 info.json 文件
2025-05-06 16:29:26,103 - INFO - 动漫 1249 的地区信息: ['石狩振興局']
2025-05-06 16:29:26,103 - INFO - 处理动漫 125: ソ・ラ・ノ・ヲ・ト
2025-05-06 16:30:40,181 - INFO - 已更新动漫 1245 的 info.json 文件
2025-05-06 16:30:40,181 - INFO - 动漫 1245 的地区信息: ['东京都/東京都', '千叶县']
2025-05-06 16:30:40,181 - INFO - 处理动漫 1250: 攻殻機動隊 ARISE "Ghost in the Shell: Arise"
2025-05-06 16:31:00,205 - INFO - 已更新动漫 1250 的 info.json 文件
2025-05-06 16:31:00,205 - INFO - 动漫 1250 的地区信息: ['大阪府', '兵库县/兵庫縣']
2025-05-06 16:31:00,205 - INFO - 处理动漫 1251: なれる!SE "Nareru SE"
2025-05-06 16:31:10,225 - INFO - 已更新动漫 1251 的 info.json 文件
2025-05-06 16:31:10,225 - INFO - 动漫 1251 的地区信息: ['东京都/東京都']
2025-05-06 16:31:10,225 - INFO - 处理动漫 1252: 僕等がいた "We Were There"
2025-05-06 16:31:14,214 - INFO - 已更新动漫 1230 的 info.json 文件
2025-05-06 16:31:14,215 - INFO - 动漫 1230 的地区信息: ['东京都/東京都', '京都府', '大阪府', '虻田郡', '神奈川縣', '国头郡', '石狩振興局', '空知郡', '冲绳县 / 沖繩縣']
2025-05-06 16:31:14,215 - INFO - 处理动漫 1253: 俺たちに翼はない "We Without Wings"
2025-05-06 16:31:14,215 - WARNING - 动漫 1253 没有巡礼点数据
2025-05-06 16:31:14,215 - INFO - 处理动漫 1254: 宮河家の空腹 "The Miyakawa Familys Hunger"
2025-05-06 16:31:52,219 - INFO - 已更新动漫 1240 的 info.json 文件
2025-05-06 16:31:52,219 - INFO - 动漫 1240 的地区信息: ['东京都/東京都', '足柄下郡']
2025-05-06 16:31:52,220 - INFO - 处理动漫 1255: 超速変形ジャイロゼッター "Cho Soku Henkei Gyrozetter"
2025-05-06 16:31:52,220 - WARNING - 动漫 1255 没有巡礼点数据
2025-05-06 16:31:52,220 - INFO - 处理动漫 1256: ダンガンロンパ "Danganronpa"
2025-05-06 16:32:00,259 - INFO - 已更新动漫 1252 的 info.json 文件
2025-05-06 16:32:00,259 - INFO - 动漫 1252 的地区信息: ['釧路綜合振興局']
2025-05-06 16:32:00,259 - INFO - 处理动漫 1257: 月は東に日は西に 〜Operation Sanctuary〜 "Tsuki wa Higashi ni Hi wa Nishi ni: Operation Sanctuary"
2025-05-06 16:32:06,207 - INFO - 已更新动漫 125 的 info.json 文件
2025-05-06 16:32:06,207 - INFO - 动漫 125 的地区信息: ['Cuenca']
2025-05-06 16:32:06,208 - INFO - 处理动漫 1258: ローゼンメイデン "Rozen Maiden"
2025-05-06 16:32:06,208 - WARNING - 动漫 1258 没有巡礼点数据
2025-05-06 16:32:06,208 - INFO - 处理动漫 1259: わーなびっ.jk "Warnerbi dot jk"
2025-05-06 16:32:18,277 - INFO - 已更新动漫 1247 的 info.json 文件
2025-05-06 16:32:18,277 - INFO - 动漫 1247 的地区信息: ['京都府', '芳賀郡', '泉南郡', '大阪府']
2025-05-06 16:32:18,277 - INFO - 处理动漫 126: 名探偵コナン 天空の難破船
2025-05-06 16:32:26,230 - INFO - 已更新动漫 1259 的 info.json 文件
2025-05-06 16:32:26,230 - INFO - 动漫 1259 的地区信息: ['东京都/東京都', '埼玉县']
2025-05-06 16:32:26,230 - INFO - 处理动漫 1260: DD北斗の拳 "DD Hokuto no Ken"
2025-05-06 16:32:26,230 - WARNING - 动漫 1260 没有巡礼点数据
2025-05-06 16:32:26,231 - INFO - 处理动漫 1261: BLOOD-C
2025-05-06 16:32:30,253 - INFO - 已更新动漫 1257 的 info.json 文件
2025-05-06 16:32:30,253 - INFO - 动漫 1257 的地区信息: ['东京都/東京都', '神奈川縣']
2025-05-06 16:32:30,253 - INFO - 处理动漫 1262: ヨルムンガンド "Jormungand"
2025-05-06 16:32:32,288 - INFO - 已更新动漫 1256 的 info.json 文件
2025-05-06 16:32:32,288 - INFO - 动漫 1256 的地区信息: ['奈良縣', '巴黎', 'New York County', '吉薩省']
2025-05-06 16:32:32,289 - INFO - 处理动漫 1263: 中の人などいない! トーキョー・ヒーロー・プロジェクト "Naka no Hito nado Inai! Tokyo Hero Project"
2025-05-06 16:32:44,313 - INFO - 已更新动漫 1254 的 info.json 文件
2025-05-06 16:32:44,313 - INFO - 动漫 1254 的地区信息: ['埼玉县']
2025-05-06 16:32:44,313 - INFO - 处理动漫 1264: AURA 〜魔竜院光牙最後の闘い〜 "AURA"
2025-05-06 16:33:02,327 - INFO - 已更新动漫 1263 的 info.json 文件
2025-05-06 16:33:02,327 - INFO - 动漫 1263 的地区信息: ['东京都/東京都']
2025-05-06 16:33:02,328 - INFO - 处理动漫 1265: ラブ★コン "Love Com"
2025-05-06 16:33:40,355 - INFO - 已更新动漫 1262 的 info.json 文件
2025-05-06 16:33:40,355 - INFO - 动漫 1262 的地区信息: ['神奈川縣', '千叶县', '东京都/東京都']
2025-05-06 16:33:40,355 - INFO - 处理动漫 1266: 修羅の門異伝 ふでかげ "Fudekage"
2025-05-06 16:34:04,413 - INFO - 已更新动漫 1264 的 info.json 文件
2025-05-06 16:34:04,413 - INFO - 动漫 1264 的地区信息: ['东京都/東京都']
2025-05-06 16:34:04,413 - INFO - 处理动漫 1267: PSYCHO-PASS
2025-05-06 16:34:18,435 - INFO - 已更新动漫 126 的 info.json 文件
2025-05-06 16:34:18,435 - INFO - 动漫 126 的地区信息: ['大阪府', '爱知县', '奈良縣', '兵库县/兵庫縣']
2025-05-06 16:34:18,435 - INFO - 处理动漫 1268: ばくおん!! "Bakuon"
2025-05-06 16:34:24,454 - INFO - 已更新动漫 1267 的 info.json 文件
2025-05-06 16:34:24,455 - INFO - 动漫 1267 的地区信息: ['东京都/東京都']
2025-05-06 16:34:24,455 - INFO - 处理动漫 1269: 好きっていいなよ。 "Say I love you"
2025-05-06 16:34:56,386 - INFO - 已更新动漫 1261 的 info.json 文件
2025-05-06 16:34:56,386 - INFO - 动漫 1261 的地区信息: ['东京都/東京都']
2025-05-06 16:34:56,386 - INFO - 处理动漫 127: 星空のメモリア -Wish upon a shooting star-
2025-05-06 16:35:06,410 - INFO - 已更新动漫 127 的 info.json 文件
2025-05-06 16:35:06,410 - INFO - 动漫 127 的地区信息: ['虻田郡']
2025-05-06 16:35:06,410 - INFO - 处理动漫 1270: この中に1人、妹がいる! "Nakaimo - My Sister Is Among Them!"
2025-05-06 16:35:12,453 - INFO - 已更新动漫 1265 的 info.json 文件
2025-05-06 16:35:12,453 - INFO - 动漫 1265 的地区信息: ['虻田郡', '石狩振興局', '大阪府']
2025-05-06 16:35:12,454 - INFO - 处理动漫 1271: 球場ラヴァーズ "Kyoujyou Lovers"
2025-05-06 16:35:12,454 - WARNING - 动漫 1271 没有巡礼点数据
2025-05-06 16:35:12,454 - INFO - 处理动漫 1272: 君と僕。 "Kimi to Boku"
2025-05-06 16:35:12,454 - WARNING - 动漫 1272 没有巡礼点数据
2025-05-06 16:35:12,454 - INFO - 处理动漫 1273: マイマイ新子と千年の魔法 "Mai Mai Miracle"
2025-05-06 16:35:38,481 - INFO - 已更新动漫 1268 的 info.json 文件
2025-05-06 16:35:38,481 - INFO - 动漫 1268 的地区信息: ['石狩振興局', '渡岛综合振兴局']
2025-05-06 16:35:38,482 - INFO - 处理动漫 1274: ブラック★ロックシューター "Black Rock Shooter"
2025-05-06 16:35:54,549 - INFO - 已更新动漫 1269 的 info.json 文件
2025-05-06 16:35:54,549 - INFO - 动漫 1269 的地区信息: ['东京都/東京都', '埼玉县']
2025-05-06 16:35:54,550 - INFO - 处理动漫 1275: 快盗天使ツインエンジェル "Kaito Tenshi Twin Angel"
2025-05-06 16:35:54,550 - WARNING - 动漫 1275 没有巡礼点数据
2025-05-06 16:35:54,550 - INFO - 处理动漫 1276: 夕凪の街 桜の国 "Town of Evening Calm Country of Cherry Blossoms"
2025-05-06 16:36:26,605 - INFO - 已更新动漫 1270 的 info.json 文件
2025-05-06 16:36:26,605 - INFO - 动漫 1270 的地区信息: ['东京都/東京都', '千叶县']
2025-05-06 16:36:26,605 - INFO - 处理动漫 1277: しずかの山 "Shizuka no Yama"
2025-05-06 16:36:28,475 - INFO - 已更新动漫 1274 的 info.json 文件
2025-05-06 16:36:28,475 - INFO - 动漫 1274 的地区信息: ['京都府']
2025-05-06 16:36:28,476 - INFO - 处理动漫 1278: ねこむすめ道草日記 "Nekomusume Michikusa Nikki"
2025-05-06 16:36:50,559 - INFO - 已更新动漫 1266 的 info.json 文件
2025-05-06 16:36:50,559 - INFO - 动漫 1266 的地区信息: ['广岛县']
2025-05-06 16:36:50,559 - INFO - 处理动漫 1279: すみれの花咲く頃 "Sumire no Hana Saku Koro"
2025-05-06 16:36:54,596 - INFO - 已更新动漫 1276 的 info.json 文件
2025-05-06 16:36:54,597 - INFO - 动漫 1276 的地区信息: ['东京都/東京都', '广岛县']
2025-05-06 16:36:54,597 - INFO - 处理动漫 128: けいおん!!
2025-05-06 16:36:56,600 - INFO - 已更新动漫 1277 的 info.json 文件
2025-05-06 16:36:56,600 - INFO - 动漫 1277 的地区信息: ['东京都/東京都']
2025-05-06 16:36:56,600 - INFO - 处理动漫 1280: 鋼鉄天使くるみ "Steel Angel Kurumi"
2025-05-06 16:37:26,551 - INFO - 已更新动漫 1280 的 info.json 文件
2025-05-06 16:37:26,551 - INFO - 动漫 1280 的地区信息: ['岛根县']
2025-05-06 16:37:26,551 - INFO - 处理动漫 1281: 超変身コス∞プレイヤー "THE COSMOPOLITAN PRAYERS"
2025-05-06 16:37:32,579 - INFO - 已更新动漫 1273 的 info.json 文件
2025-05-06 16:37:32,580 - INFO - 动漫 1273 的地区信息: ['山口县']
2025-05-06 16:37:32,580 - INFO - 处理动漫 1282: よみがえる空 -RESCUE WINGS- "Yomigaeru Sora – Rescue Wings"
2025-05-06 16:37:40,558 - INFO - 已更新动漫 1279 的 info.json 文件
2025-05-06 16:37:40,558 - INFO - 动漫 1279 的地区信息: ['京都府', '兵库县/兵庫縣', '大阪府']
2025-05-06 16:37:40,558 - INFO - 处理动漫 1283: 神戸在住 "From Kobe"
2025-05-06 16:37:54,587 - WARNING - 已达到最大运行时间 3.0 小时，将保存当前进度并停止
2025-05-06 16:37:54,588 - INFO - 已更新动漫 128 的 info.json 文件
2025-05-06 16:37:54,588 - INFO - 动漫 128 的地区信息: ['京都府']
2025-05-06 16:37:54,588 - INFO - 处理动漫 1284: デジモンアドベンチャー02 "Digimon Adventure 02"
2025-05-06 16:37:54,593 - WARNING - 动漫 1284 未找到任何地区信息
2025-05-06 16:37:54,610 - WARNING - 已达到最大运行时间 3.0 小时，取消剩余处理任务
2025-05-06 16:37:56,583 - INFO - 已更新动漫 1281 的 info.json 文件
2025-05-06 16:37:56,583 - INFO - 动漫 1281 的地区信息: ['岛根县']
2025-05-06 16:37:58,573 - INFO - 已更新动漫 1278 的 info.json 文件
2025-05-06 16:37:58,573 - INFO - 动漫 1278 的地区信息: ['吾妻郡', '群马县']
2025-05-06 16:38:00,593 - INFO - 已更新动漫 1283 的 info.json 文件
2025-05-06 16:38:00,593 - INFO - 动漫 1283 的地区信息: ['兵库县/兵庫縣']
2025-05-06 16:38:02,594 - INFO - 已更新动漫 1282 的 info.json 文件
2025-05-06 16:38:02,594 - INFO - 动漫 1282 的地区信息: ['石川县']
2025-05-06 16:38:03,475 - INFO - 索引文件已保存
2025-05-06 16:38:03,475 - INFO - 已更新 270 个动漫的地区信息
2025-05-06 16:38:03,475 - WARNING - 由于达到最大运行时间 3.0 小时，处理被中断，但已保存当前进度
2025-05-06 16:38:03,489 - INFO - 更新完成，耗时: 10810.09秒
2025-05-06 16:38:04,407 - ERROR - 发送Bark通知失败: 404 Client Error: Not Found for url: https://api.day.app/FXxtHPEhbvdzxrgRpBW7E/%E2%9A%A0%EF%B8%8F%20%E5%8A%A8%E6%BC%AB%E5%9C%B0%E5%8C%BA%E4%BF%A1%E6%81%AF%E9%83%A8%E5%88%86%E6%9B%B4%E6%96%B0/%E5%B7%B2%E6%9B%B4%E6%96%B0270%E4%B8%AA%E5%8A%A8%E6%BC%AB%E7%9A%84%E5%9C%B0%E5%8C%BA%E4%BF%A1%E6%81%AF%EF%BC%8C%E4%BD%86%E5%B7%B2%E8%BE%BE%E5%88%B0%E6%9C%80%E5%A4%A7%E8%BF%90%E8%A1%8C%E6%97%B6%E9%97%B4%203.0%20%E5%B0%8F%E6%97%B6%EF%BC%8C%E5%A4%84%E7%90%86%E8%A2%AB%E4%B8%AD%E6%96%AD%0A%0A1.%20%E5%8A%87%E5%A0%B4%E7%89%88%20%E3%83%9E%E3%82%AF%E3%83%AD%E3%82%B9F%20%E8%99%9A%E7%A9%BA%E6%AD%8C%E5%A7%AB%E3%80%9C%E3%82%A4%E3%83%84%E3%83%AF%E3%83%AA%E3%83%8E%E3%82%A6%E3%82%BF%E3%83%92%E3%83%A1%E3%80%9C%3A%20%E6%97%A7%E9%87%91%E5%B1%B1%3B%E8%88%8A%E9%87%91%E5%B1%B1%3B%E4%B8%89%E8%97%A9%E5%B8%82%0A2.%20%E5%A2%83%E7%95%8C%E3%81%AE%E5%BD%BC%E6%96%B9%20%22Beyond%20the%20Boundary%22%3A%20%E5%A5%88%E8%89%AF%E7%B8%A3%2C%20%E5%BE%B7%E5%B2%9B%E5%8E%BF%2C%20%E7%88%B1%E5%AA%9B%E5%8E%BF%0A3.%20%E3%81%82%E3%81%AE%E6%97%A5%E8%A6%8B%E3%81%9F%E8%8A%B1%E3%81%AE%E5%90%8D%E5%89%8D%E3%82%92%E5%83%95%E9%81%94%E3%81%AF%E3%81%BE%E3%81%A0%E7%9F%A5%E3%82%89%E3%81%AA%E3%81%84%E3%80%82%20%22Anohana%3A%20The%20Flower%20We%20Saw%20That%20Day%22%3A%20%E5%9F%BC%E7%8E%89%E5%8E%BF%2C%20%E7%A7%A9%E7%88%B6%E9%83%A1%0A4.%20%E3%83%A4%E3%83%9E%E3%83%8E%E3%82%B9%E3%82%B9%E3%83%A1%20%22Encouragement%20of%20Climb%22%3A%20%E5%9F%BC%E7%8E%89%E5%8E%BF%0A5.%20%E3%82%89%E3%81%8D%E2%98%86%E3%81%99%E3%81%9F%3A%20%E4%BA%AC%E9%83%BD%E5%BA%9C%2C%20%E5%9F%BC%E7%8E%89%E5%8E%BF%2C%20%E4%B8%9C%E4%BA%AC%E9%83%BD/%E6%9D%B1%E4%BA%AC%E9%83%BD%2C%20%E5%A5%88%E8%89%AF%E7%B8%A3%2C%20%E5%8D%97%E5%9F%BC%E7%8E%89%E9%83%A1%0A6.%20%E5%9D%82%E9%81%93%E3%81%AE%E3%82%A2%E3%83%9D%E3%83%AD%E3%83%B3%20%22Kids%20on%20the%20Slope%22%3A%20%E9%95%BF%E5%B4%8E%E5%8E%BF%2C%20%E4%B8%9C%E4%BA%AC%E9%83%BD/%E6%9D%B1%E4%BA%AC%E9%83%BD%0A7.%20%E5%8B%87%E8%80%85%E3%81%AB%E3%81%AA%E3%82%8C%E3%81%AA%E3%81%8B%E3%81%A3%E3%81%9F%E4%BF%BA%E3%81%AF%E3%81%97%E3%81%B6%E3%81%97%E3%81%B6%E5%B0%B1%E8%81%B7%E3%82%92%E6%B1%BA%E6%84%8F%E3%81%97%E3%81%BE%E3%81%97%E3%81%9F%E3%80%82%20%22I%20Couldn%E2%80%99t%20Become%20a%20Hero%2C%20So%20I%20Reluctantly%20Decided%20to%20Get%20a%20Job.%22%3A%20%E9%9D%99%E5%86%88%E5%8E%BF/%E9%9D%9C%E5%B2%A1%E7%B8%A3%0A8.%20%E5%92%B2-saki-%E9%98%BF%E7%9F%A5%E8%B3%80%E7%B7%A8%20%22Saki%20Achiga-hen%20episode%20of%20Side-A%22%3A%20%E5%90%89%E9%87%8E%E9%83%A1%0A9.%20%E3%81%82%E3%81%BE%E3%82%93%E3%81%A1%E3%82%85%20%22Amanchu%21%22%3A%20%E9%9D%99%E5%86%88%E5%8E%BF/%E9%9D%9C%E5%B2%A1%E7%B8%A3%2C%20%E5%9F%BC%E7%8E%89%E5%8E%BF%0A10.%20%E8%8B%BA%E3%81%BE%E3%81%97%E3%81%BE%E3%82%8D%20%22Strawberry%20Marshmallow%22%3A%20%E9%9D%99%E5%86%88%E5%8E%BF/%E9%9D%9C%E5%B2%A1%E7%B8%A3%0A...%E7%AD%89%E5%85%B1270%E4%B8%AA%E5%8A%A8%E6%BC%AB?icon=https://image.xinu.ink/pic/data/images/icon.jpg
